TN:
SF:app.js
FN:59,(anonymous_0)
FN:83,(anonymous_1)
FN:157,(anonymous_2)
FN:167,(anonymous_3)
FN:178,(anonymous_4)
FNF:5
FNH:0
FNDA:0,(anonymous_0)
FNDA:0,(anonymous_1)
FNDA:0,(anonymous_2)
FNDA:0,(anonymous_3)
FNDA:0,(anonymous_4)
DA:2,0
DA:3,0
DA:4,0
DA:5,0
DA:6,0
DA:7,0
DA:8,0
DA:10,0
DA:13,0
DA:20,0
DA:21,0
DA:25,0
DA:29,0
DA:30,0
DA:31,0
DA:32,0
DA:33,0
DA:38,0
DA:40,0
DA:42,0
DA:43,0
DA:51,0
DA:52,0
DA:59,0
DA:64,0
DA:65,0
DA:67,0
DA:70,0
DA:71,0
DA:72,0
DA:73,0
DA:75,0
DA:80,0
DA:83,0
DA:84,0
DA:88,0
DA:92,0
DA:96,0
DA:98,0
DA:102,0
DA:107,0
DA:112,0
DA:120,0
DA:125,0
DA:131,0
DA:132,0
DA:134,0
DA:141,0
DA:146,0
DA:151,0
DA:157,0
DA:158,0
DA:166,0
DA:167,0
DA:168,0
DA:169,0
DA:178,0
DA:179,0
DA:180,0
DA:186,0
LF:60
LH:0
BRDA:64,0,0,0
BRDA:64,0,1,0
BRDA:64,1,0,0
BRDA:64,1,1,0
BRDA:78,2,0,0
BRDA:78,2,1,0
BRDA:78,2,2,0
BRDA:166,3,0,0
BRDA:166,3,1,0
BRDA:168,4,0,0
BRDA:168,4,1,0
BRDA:179,5,0,0
BRDA:179,5,1,0
BRF:13
BRH:0
end_of_record
TN:
SF:bin/calculate_carry_over_allowance_for_all_users.js
FN:10,(anonymous_0)
FN:11,(anonymous_1)
FN:12,(anonymous_2)
FNF:3
FNH:0
FNDA:0,(anonymous_0)
FNDA:0,(anonymous_1)
FNDA:0,(anonymous_2)
DA:5,0
DA:6,0
DA:8,0
DA:10,0
DA:11,0
DA:12,0
LF:6
LH:0
BRF:0
BRH:0
end_of_record
TN:
SF:bin/check_where_i_am_on_google.js
FN:43,(anonymous_0)
FN:50,(anonymous_1)
FN:54,(anonymous_2)
FNF:3
FNH:0
FNDA:0,(anonymous_0)
FNDA:0,(anonymous_1)
FNDA:0,(anonymous_2)
DA:8,0
DA:9,0
DA:10,0
DA:11,0
DA:13,0
DA:14,0
DA:15,0
DA:16,0
DA:19,0
DA:20,0
DA:21,0
DA:26,0
DA:32,0
DA:45,0
DA:48,0
DA:50,0
DA:51,0
DA:52,0
DA:53,0
DA:54,0
DA:55,0
DA:59,0
DA:65,0
LF:23
LH:0
BRDA:9,0,0,0
BRDA:9,0,1,0
BRDA:10,1,0,0
BRDA:10,1,1,0
BRDA:51,2,0,0
BRDA:51,2,1,0
BRDA:53,3,0,0
BRDA:53,3,1,0
BRF:8
BRH:0
end_of_record
TN:
SF:bin/fetch_user_stat.js
FN:27,(anonymous_0)
FN:34,(anonymous_1)
FN:38,(anonymous_2)
FN:44,(anonymous_3)
FN:49,(anonymous_4)
FN:57,(anonymous_5)
FN:59,(anonymous_6)
FN:65,(anonymous_7)
FN:68,(anonymous_8)
FN:73,(anonymous_9)
FN:76,(anonymous_10)
FN:81,(anonymous_11)
FN:81,(anonymous_12)
FN:85,(anonymous_13)
FN:86,(anonymous_14)
FN:87,(anonymous_15)
FN:88,(anonymous_16)
FN:91,(anonymous_17)
FN:94,(anonymous_18)
FN:99,(anonymous_19)
FN:103,(anonymous_20)
FN:105,(anonymous_21)
FNF:22
FNH:0
FNDA:0,(anonymous_0)
FNDA:0,(anonymous_1)
FNDA:0,(anonymous_2)
FNDA:0,(anonymous_3)
FNDA:0,(anonymous_4)
FNDA:0,(anonymous_5)
FNDA:0,(anonymous_6)
FNDA:0,(anonymous_7)
FNDA:0,(anonymous_8)
FNDA:0,(anonymous_9)
FNDA:0,(anonymous_10)
FNDA:0,(anonymous_11)
FNDA:0,(anonymous_12)
FNDA:0,(anonymous_13)
FNDA:0,(anonymous_14)
FNDA:0,(anonymous_15)
FNDA:0,(anonymous_16)
FNDA:0,(anonymous_17)
FNDA:0,(anonymous_18)
FNDA:0,(anonymous_19)
FNDA:0,(anonymous_20)
FNDA:0,(anonymous_21)
DA:4,0
DA:5,0
DA:6,0
DA:7,0
DA:8,0
DA:9,0
DA:10,0
DA:11,0
DA:12,0
DA:13,0
DA:14,0
DA:15,0
DA:27,0
DA:29,0
DA:31,0
DA:34,0
DA:35,0
DA:39,0
DA:40,0
DA:44,0
DA:45,0
DA:49,0
DA:54,0
DA:59,0
DA:60,0
DA:65,0
DA:68,0
DA:69,0
DA:73,0
DA:76,0
DA:78,0
DA:81,0
DA:84,0
DA:85,0
DA:86,0
DA:87,0
DA:88,0
DA:91,0
DA:94,0
DA:95,0
DA:99,0
DA:103,0
DA:104,0
DA:105,0
LF:44
LH:0
BRF:0
BRH:0
end_of_record
TN:
SF:lib/config.js
FNF:0
FNH:0
DA:4,1
DA:6,1
DA:11,1
LF:3
LH:3
BRF:0
BRH:0
end_of_record
TN:
SF:lib/email.js
FN:16,Email
FN:23,_promise_to_unfold_context
FN:37,(anonymous_2)
FN:44,(anonymous_3)
FN:49,(anonymous_4)
FN:57,(anonymous_5)
FN:71,(anonymous_6)
FN:84,(anonymous_7)
FN:88,(anonymous_8)
FN:105,(anonymous_9)
FN:114,(anonymous_10)
FN:122,(anonymous_11)
FN:124,(anonymous_12)
FN:129,(anonymous_13)
FN:145,(anonymous_14)
FN:153,(anonymous_15)
FN:155,(anonymous_16)
FN:161,(anonymous_17)
FN:174,(anonymous_18)
FN:184,(anonymous_19)
FN:191,(anonymous_20)
FN:194,(anonymous_21)
FN:204,(anonymous_22)
FN:211,(anonymous_23)
FN:215,(anonymous_24)
FN:217,(anonymous_25)
FN:221,(anonymous_26)
FN:234,(anonymous_27)
FN:234,(anonymous_28)
FN:245,(anonymous_29)
FN:252,(anonymous_30)
FN:255,(anonymous_31)
FN:266,(anonymous_32)
FN:272,(anonymous_33)
FN:279,(anonymous_34)
FN:283,(anonymous_35)
FN:284,(anonymous_36)
FN:289,(anonymous_37)
FN:297,(anonymous_38)
FN:309,(anonymous_39)
FN:316,(anonymous_40)
FN:319,(anonymous_41)
FN:331,(anonymous_42)
FN:338,(anonymous_43)
FN:342,(anonymous_44)
FN:344,(anonymous_45)
FN:348,(anonymous_46)
FN:354,(anonymous_47)
FN:363,(anonymous_48)
FN:371,(anonymous_49)
FN:373,(anonymous_50)
FN:378,(anonymous_51)
FN:389,(anonymous_52)
FN:397,(anonymous_53)
FN:399,(anonymous_54)
FN:404,(anonymous_55)
FN:410,(anonymous_56)
FN:420,(anonymous_57)
FN:426,(anonymous_58)
FN:429,(anonymous_59)
FN:439,(anonymous_60)
FN:445,(anonymous_61)
FN:449,(anonymous_62)
FN:451,(anonymous_63)
FNF:64
FNH:0
FNDA:0,Email
FNDA:0,_promise_to_unfold_context
FNDA:0,(anonymous_2)
FNDA:0,(anonymous_3)
FNDA:0,(anonymous_4)
FNDA:0,(anonymous_5)
FNDA:0,(anonymous_6)
FNDA:0,(anonymous_7)
FNDA:0,(anonymous_8)
FNDA:0,(anonymous_9)
FNDA:0,(anonymous_10)
FNDA:0,(anonymous_11)
FNDA:0,(anonymous_12)
FNDA:0,(anonymous_13)
FNDA:0,(anonymous_14)
FNDA:0,(anonymous_15)
FNDA:0,(anonymous_16)
FNDA:0,(anonymous_17)
FNDA:0,(anonymous_18)
FNDA:0,(anonymous_19)
FNDA:0,(anonymous_20)
FNDA:0,(anonymous_21)
FNDA:0,(anonymous_22)
FNDA:0,(anonymous_23)
FNDA:0,(anonymous_24)
FNDA:0,(anonymous_25)
FNDA:0,(anonymous_26)
FNDA:0,(anonymous_27)
FNDA:0,(anonymous_28)
FNDA:0,(anonymous_29)
FNDA:0,(anonymous_30)
FNDA:0,(anonymous_31)
FNDA:0,(anonymous_32)
FNDA:0,(anonymous_33)
FNDA:0,(anonymous_34)
FNDA:0,(anonymous_35)
FNDA:0,(anonymous_36)
FNDA:0,(anonymous_37)
FNDA:0,(anonymous_38)
FNDA:0,(anonymous_39)
FNDA:0,(anonymous_40)
FNDA:0,(anonymous_41)
FNDA:0,(anonymous_42)
FNDA:0,(anonymous_43)
FNDA:0,(anonymous_44)
FNDA:0,(anonymous_45)
FNDA:0,(anonymous_46)
FNDA:0,(anonymous_47)
FNDA:0,(anonymous_48)
FNDA:0,(anonymous_49)
FNDA:0,(anonymous_50)
FNDA:0,(anonymous_51)
FNDA:0,(anonymous_52)
FNDA:0,(anonymous_53)
FNDA:0,(anonymous_54)
FNDA:0,(anonymous_55)
FNDA:0,(anonymous_56)
FNDA:0,(anonymous_57)
FNDA:0,(anonymous_58)
FNDA:0,(anonymous_59)
FNDA:0,(anonymous_60)
FNDA:0,(anonymous_61)
FNDA:0,(anonymous_62)
FNDA:0,(anonymous_63)
DA:5,0
DA:6,0
DA:11,0
DA:12,0
DA:13,0
DA:14,0
DA:24,0
DA:25,0
DA:27,0
DA:37,0
DA:38,0
DA:39,0
DA:41,0
DA:45,0
DA:50,0
DA:60,0
DA:62,0
DA:72,0
DA:84,0
DA:87,0
DA:88,0
DA:89,0
DA:90,0
DA:94,0
DA:98,0
DA:100,0
DA:105,0
DA:106,0
DA:107,0
DA:108,0
DA:110,0
DA:116,0
DA:123,0
DA:124,0
DA:129,0
DA:130,0
DA:131,0
DA:132,0
DA:133,0
DA:134,0
DA:136,0
DA:147,0
DA:154,0
DA:155,0
DA:161,0
DA:162,0
DA:163,0
DA:164,0
DA:166,0
DA:167,0
DA:169,0
DA:170,0
DA:171,0
DA:174,0
DA:185,0
DA:191,0
DA:194,0
DA:205,0
DA:211,0
DA:214,0
DA:215,0
DA:217,0
DA:221,0
DA:222,0
DA:223,0
DA:224,0
DA:226,0
DA:227,0
DA:229,0
DA:230,0
DA:231,0
DA:234,0
DA:246,0
DA:252,0
DA:255,0
DA:266,0
DA:272,0
DA:275,0
DA:279,0
DA:283,0
DA:284,0
DA:289,0
DA:291,0
DA:292,0
DA:293,0
DA:294,0
DA:295,0
DA:297,0
DA:310,0
DA:316,0
DA:319,0
DA:332,0
DA:338,0
DA:341,0
DA:342,0
DA:344,0
DA:348,0
DA:349,0
DA:350,0
DA:351,0
DA:353,0
DA:355,0
DA:365,0
DA:372,0
DA:373,0
DA:378,0
DA:379,0
DA:380,0
DA:381,0
DA:383,0
DA:391,0
DA:398,0
DA:399,0
DA:404,0
DA:406,0
DA:407,0
DA:408,0
DA:410,0
DA:420,0
DA:426,0
DA:429,0
DA:439,0
DA:445,0
DA:448,0
DA:449,0
DA:451,0
DA:455,0
LF:127
LH:0
BRDA:24,0,0,0
BRDA:24,0,1,0
BRDA:39,1,0,0
BRDA:39,1,1,0
BRDA:87,2,0,0
BRDA:87,2,1,0
BRDA:87,3,0,0
BRDA:87,3,1,0
BRDA:169,4,0,0
BRDA:169,4,1,0
BRDA:229,5,0,0
BRDA:229,5,1,0
BRF:12
BRH:0
end_of_record
TN:
SF:lib/error/index.js
FN:16,throw_user_error
FN:54,extract_system_error_message
FN:62,extract_user_error_message
FNF:3
FNH:3
FNDA:7,throw_user_error
FNDA:8,extract_system_error_message
FNDA:7,extract_user_error_message
DA:5,4
DA:7,4
DA:17,7
DA:20,7
DA:23,7
DA:27,0
DA:28,0
DA:36,0
DA:37,0
DA:39,0
DA:40,0
DA:43,0
DA:45,0
DA:46,0
DA:49,0
DA:51,0
DA:55,8
DA:56,5
DA:59,3
DA:63,7
DA:64,0
DA:67,7
DA:68,0
DA:71,7
DA:72,7
DA:75,0
DA:78,4
LF:27
LH:13
BRDA:20,0,0,7
BRDA:20,0,1,0
BRDA:36,1,0,0
BRDA:36,1,1,0
BRDA:45,2,0,0
BRDA:45,2,1,0
BRDA:55,3,0,5
BRDA:55,3,1,3
BRDA:63,4,0,0
BRDA:63,4,1,7
BRDA:67,5,0,0
BRDA:67,5,1,7
BRDA:71,6,0,7
BRDA:71,6,1,0
BRF:14
BRH:6
end_of_record
TN:
SF:lib/middleware/ensure_user_is_admin.js
FN:9,(anonymous_0)
FNF:1
FNH:1
FNDA:11,(anonymous_0)
DA:9,1
DA:12,11
DA:13,11
DA:17,0
DA:18,0
DA:21,0
LF:6
LH:3
BRDA:12,0,0,11
BRDA:12,0,1,0
BRDA:17,1,0,0
BRDA:17,1,1,0
BRF:4
BRH:1
end_of_record
TN:
SF:lib/middleware/flash_messages.js
FN:26,(anonymous_0)
FN:33,(anonymous_1)
FN:35,(anonymous_2)
FN:54,(anonymous_3)
FN:60,(anonymous_4)
FNF:5
FNH:2
FNDA:8,(anonymous_0)
FNDA:16,(anonymous_1)
FNDA:0,(anonymous_2)
FNDA:0,(anonymous_3)
FNDA:0,(anonymous_4)
DA:26,1
DA:27,8
DA:28,8
DA:33,8
DA:35,16
DA:36,0
DA:37,0
DA:39,0
DA:40,0
DA:43,0
DA:44,0
DA:46,0
DA:51,8
DA:52,8
DA:54,8
DA:55,0
DA:60,8
DA:61,0
DA:62,0
DA:63,0
DA:67,8
LF:21
LH:10
BRDA:36,0,0,0
BRDA:36,0,1,0
BRDA:39,1,0,0
BRDA:39,1,1,0
BRDA:43,2,0,0
BRDA:43,2,1,0
BRDA:55,3,0,0
BRDA:55,3,1,0
BRDA:55,3,2,0
BRDA:61,4,0,0
BRDA:61,4,1,0
BRDA:62,5,0,0
BRDA:62,5,1,0
BRDA:63,6,0,0
BRDA:63,6,1,0
BRF:15
BRH:0
end_of_record
TN:
SF:lib/middleware/session_aware_redirect.js
FN:17,(anonymous_0)
FN:19,(anonymous_1)
FN:22,(anonymous_2)
FN:26,(anonymous_3)
FNF:4
FNH:1
FNDA:10,(anonymous_0)
FNDA:0,(anonymous_1)
FNDA:0,(anonymous_2)
FNDA:0,(anonymous_3)
DA:17,1
DA:19,10
DA:21,0
DA:22,0
DA:23,0
DA:26,0
DA:27,0
DA:30,0
DA:33,10
LF:9
LH:3
BRDA:21,0,0,0
BRDA:21,0,1,0
BRF:2
BRH:0
end_of_record
TN:
SF:lib/model/Report.js
FN:8,(anonymous_0)
FN:20,(anonymous_1)
FN:23,(anonymous_2)
FN:23,(anonymous_3)
FN:26,(anonymous_4)
FN:26,(anonymous_5)
FN:31,(anonymous_6)
FN:33,(anonymous_7)
FN:34,(anonymous_8)
FN:35,(anonymous_9)
FN:40,(anonymous_10)
FN:41,(anonymous_11)
FN:49,(anonymous_12)
FN:56,(anonymous_13)
FN:56,(anonymous_14)
FN:66,(anonymous_15)
FNF:16
FNH:0
FNDA:0,(anonymous_0)
FNDA:0,(anonymous_1)
FNDA:0,(anonymous_2)
FNDA:0,(anonymous_3)
FNDA:0,(anonymous_4)
FNDA:0,(anonymous_5)
FNDA:0,(anonymous_6)
FNDA:0,(anonymous_7)
FNDA:0,(anonymous_8)
FNDA:0,(anonymous_9)
FNDA:0,(anonymous_10)
FNDA:0,(anonymous_11)
FNDA:0,(anonymous_12)
FNDA:0,(anonymous_13)
FNDA:0,(anonymous_14)
FNDA:0,(anonymous_15)
DA:5,0
DA:6,0
DA:8,0
DA:16,0
DA:20,0
DA:22,0
DA:23,0
DA:26,0
DA:28,0
DA:30,0
DA:31,0
DA:33,0
DA:34,0
DA:35,0
DA:40,0
DA:42,0
DA:49,0
DA:53,0
DA:56,0
DA:57,0
DA:58,0
DA:59,0
DA:66,0
DA:68,0
DA:70,0
DA:72,0
DA:80,0
DA:91,0
LF:28
LH:0
BRDA:10,0,0,0
BRDA:11,1,0,0
BRDA:12,2,0,0
BRDA:22,3,0,0
BRDA:22,3,1,0
BRDA:60,4,0,0
BRDA:60,4,1,0
BRDA:60,4,2,0
BRDA:60,4,3,0
BRDA:85,5,0,0
BRDA:85,5,1,0
BRDA:86,6,0,0
BRDA:86,6,1,0
BRF:13
BRH:0
end_of_record
TN:
SF:lib/model/audit.js
FN:8,(anonymous_0)
FN:8,(anonymous_1)
FN:10,(anonymous_2)
FN:12,(anonymous_3)
FN:23,(anonymous_4)
FN:26,(anonymous_5)
FNF:6
FNH:0
FNDA:0,(anonymous_0)
FNDA:0,(anonymous_1)
FNDA:0,(anonymous_2)
FNDA:0,(anonymous_3)
FNDA:0,(anonymous_4)
FNDA:0,(anonymous_5)
DA:5,0
DA:6,0
DA:8,0
DA:9,0
DA:10,0
DA:12,0
DA:23,0
DA:26,0
DA:27,0
DA:35,0
LF:10
LH:0
BRF:0
BRH:0
end_of_record
TN:
SF:lib/model/calculateCarryOverAllowance.js
FN:8,(anonymous_0)
FN:16,(anonymous_1)
FN:18,(anonymous_2)
FN:20,(anonymous_3)
FN:21,(anonymous_4)
FN:22,(anonymous_5)
FN:27,(anonymous_6)
FN:38,(anonymous_7)
FNF:8
FNH:2
FNDA:6,(anonymous_0)
FNDA:6,(anonymous_1)
FNDA:0,(anonymous_2)
FNDA:0,(anonymous_3)
FNDA:0,(anonymous_4)
FNDA:0,(anonymous_5)
FNDA:0,(anonymous_6)
FNDA:0,(anonymous_7)
DA:5,1
DA:6,1
DA:8,1
DA:11,6
DA:12,6
DA:14,6
DA:16,6
DA:20,0
DA:21,0
DA:22,0
DA:29,0
DA:33,0
DA:38,0
DA:43,6
DA:46,1
LF:15
LH:9
BRDA:29,0,0,0
BRDA:29,0,1,0
BRF:2
BRH:0
end_of_record
TN:
SF:lib/model/calendar_month.js
FN:7,CalendarMonth
FN:30,(anonymous_1)
FN:42,(anonymous_2)
FN:76,(anonymous_3)
FN:82,(anonymous_4)
FN:88,(anonymous_5)
FN:100,(anonymous_6)
FN:108,(anonymous_7)
FN:116,(anonymous_8)
FN:125,(anonymous_9)
FN:137,(anonymous_10)
FN:145,(anonymous_11)
FN:153,(anonymous_12)
FN:167,(anonymous_13)
FN:181,(anonymous_14)
FN:185,(anonymous_15)
FN:189,(anonymous_16)
FN:193,(anonymous_17)
FN:197,(anonymous_18)
FN:201,(anonymous_19)
FN:205,(anonymous_20)
FN:209,(anonymous_21)
FN:215,(anonymous_22)
FN:221,(anonymous_23)
FN:314,(anonymous_24)
FN:321,(anonymous_25)
FN:326,(anonymous_26)
FNF:27
FNH:0
FNDA:0,CalendarMonth
FNDA:0,(anonymous_1)
FNDA:0,(anonymous_2)
FNDA:0,(anonymous_3)
FNDA:0,(anonymous_4)
FNDA:0,(anonymous_5)
FNDA:0,(anonymous_6)
FNDA:0,(anonymous_7)
FNDA:0,(anonymous_8)
FNDA:0,(anonymous_9)
FNDA:0,(anonymous_10)
FNDA:0,(anonymous_11)
FNDA:0,(anonymous_12)
FNDA:0,(anonymous_13)
FNDA:0,(anonymous_14)
FNDA:0,(anonymous_15)
FNDA:0,(anonymous_16)
FNDA:0,(anonymous_17)
FNDA:0,(anonymous_18)
FNDA:0,(anonymous_19)
FNDA:0,(anonymous_20)
FNDA:0,(anonymous_21)
FNDA:0,(anonymous_22)
FNDA:0,(anonymous_23)
FNDA:0,(anonymous_24)
FNDA:0,(anonymous_25)
FNDA:0,(anonymous_26)
DA:4,0
DA:5,0
DA:8,0
DA:9,0
DA:10,0
DA:11,0
DA:14,0
DA:15,0
DA:17,0
DA:20,0
DA:21,0
DA:24,0
DA:25,0
DA:28,0
DA:29,0
DA:30,0
DA:31,0
DA:35,0
DA:37,0
DA:40,0
DA:41,0
DA:42,0
DA:43,0
DA:44,0
DA:45,0
DA:46,0
DA:48,0
DA:49,0
DA:52,0
DA:53,0
DA:54,0
DA:57,0
DA:58,0
DA:61,0
DA:62,0
DA:65,0
DA:69,0
DA:72,0
DA:74,0
DA:76,0
DA:79,0
DA:82,0
DA:83,0
DA:88,0
DA:89,0
DA:91,0
DA:92,0
DA:95,0
DA:100,0
DA:101,0
DA:105,0
DA:108,0
DA:109,0
DA:112,0
DA:116,0
DA:117,0
DA:121,0
DA:125,0
DA:126,0
DA:130,0
DA:131,0
DA:133,0
DA:137,0
DA:138,0
DA:142,0
DA:145,0
DA:146,0
DA:150,0
DA:153,0
DA:155,0
DA:156,0
DA:160,0
DA:161,0
DA:164,0
DA:167,0
DA:169,0
DA:170,0
DA:174,0
DA:175,0
DA:178,0
DA:181,0
DA:182,0
DA:185,0
DA:186,0
DA:189,0
DA:190,0
DA:193,0
DA:194,0
DA:197,0
DA:198,0
DA:201,0
DA:202,0
DA:205,0
DA:206,0
DA:209,0
DA:210,0
DA:215,0
DA:216,0
DA:221,0
DA:223,0
DA:224,0
DA:225,0
DA:227,0
DA:228,0
DA:231,0
DA:232,0
DA:237,0
DA:238,0
DA:239,0
DA:240,0
DA:241,0
DA:244,0
DA:246,0
DA:247,0
DA:249,0
DA:250,0
DA:252,0
DA:256,0
DA:259,0
DA:260,0
DA:262,0
DA:263,0
DA:265,0
DA:269,0
DA:272,0
DA:273,0
DA:274,0
DA:275,0
DA:278,0
DA:279,0
DA:281,0
DA:282,0
DA:284,0
DA:285,0
DA:290,0
DA:291,0
DA:294,0
DA:295,0
DA:296,0
DA:297,0
DA:301,0
DA:302,0
DA:305,0
DA:307,0
DA:314,0
DA:315,0
DA:316,0
DA:319,0
DA:322,0
DA:326,0
DA:327,0
DA:330,0
DA:334,0
LF:153
LH:0
BRDA:14,0,0,0
BRDA:14,0,1,0
BRDA:14,1,0,0
BRDA:14,1,1,0
BRDA:20,2,0,0
BRDA:20,2,1,0
BRDA:24,3,0,0
BRDA:24,3,1,0
BRDA:28,4,0,0
BRDA:28,4,1,0
BRDA:28,5,0,0
BRDA:28,5,1,0
BRDA:40,6,0,0
BRDA:40,6,1,0
BRDA:40,7,0,0
BRDA:40,7,1,0
BRDA:44,8,0,0
BRDA:44,8,1,0
BRDA:46,9,0,0
BRDA:46,9,1,0
BRDA:48,10,0,0
BRDA:48,10,1,0
BRDA:52,11,0,0
BRDA:52,11,1,0
BRDA:54,12,0,0
BRDA:54,12,1,0
BRDA:57,13,0,0
BRDA:57,13,1,0
BRDA:61,14,0,0
BRDA:61,14,1,0
BRDA:74,15,0,0
BRDA:74,15,1,0
BRDA:74,16,0,0
BRDA:74,16,1,0
BRDA:83,17,0,0
BRDA:83,17,1,0
BRDA:91,18,0,0
BRDA:91,18,1,0
BRDA:105,19,0,0
BRDA:105,19,1,0
BRDA:112,20,0,0
BRDA:112,20,1,0
BRDA:112,20,2,0
BRDA:121,21,0,0
BRDA:121,21,1,0
BRDA:121,21,2,0
BRDA:130,22,0,0
BRDA:130,22,1,0
BRDA:130,23,0,0
BRDA:130,23,1,0
BRDA:142,24,0,0
BRDA:142,24,1,0
BRDA:142,24,2,0
BRDA:150,25,0,0
BRDA:150,25,1,0
BRDA:150,25,2,0
BRDA:160,26,0,0
BRDA:160,26,1,0
BRDA:174,27,0,0
BRDA:174,27,1,0
BRDA:237,28,0,0
BRDA:237,28,1,0
BRDA:239,29,0,0
BRDA:239,29,1,0
BRDA:241,30,0,0
BRDA:241,30,1,0
BRDA:246,31,0,0
BRDA:246,31,1,0
BRDA:252,32,0,0
BRDA:252,32,1,0
BRDA:252,33,0,0
BRDA:252,33,1,0
BRDA:256,34,0,0
BRDA:256,34,1,0
BRDA:259,35,0,0
BRDA:259,35,1,0
BRDA:265,36,0,0
BRDA:265,36,1,0
BRDA:265,37,0,0
BRDA:265,37,1,0
BRDA:269,38,0,0
BRDA:269,38,1,0
BRDA:272,39,0,0
BRDA:272,39,1,0
BRDA:274,40,0,0
BRDA:274,40,1,0
BRDA:278,41,0,0
BRDA:278,41,1,0
BRDA:278,42,0,0
BRDA:278,42,1,0
BRDA:281,43,0,0
BRDA:281,43,1,0
BRDA:284,44,0,0
BRDA:284,44,1,0
BRDA:285,45,0,0
BRDA:285,45,1,0
BRDA:290,46,0,0
BRDA:290,46,1,0
BRDA:295,47,0,0
BRDA:295,47,1,0
BRF:100
BRH:0
end_of_record
TN:
SF:lib/model/comment.js
FN:8,(anonymous_0)
FN:18,(anonymous_1)
FNF:2
FNH:0
FNDA:0,(anonymous_0)
FNDA:0,(anonymous_1)
DA:5,0
DA:6,0
DA:8,0
DA:9,0
DA:18,0
DA:19,0
DA:28,0
LF:7
LH:0
BRF:0
BRH:0
end_of_record
TN:
SF:lib/model/leave_collection.js
FN:10,promise_to_group_leaves
FN:19,(anonymous_1)
FN:35,(anonymous_2)
FN:38,(anonymous_3)
FN:40,(anonymous_4)
FN:41,(anonymous_5)
FN:54,promise_to_sort_leaves
FN:56,(anonymous_7)
FN:62,(anonymous_8)
FNF:9
FNH:0
FNDA:0,promise_to_group_leaves
FNDA:0,(anonymous_1)
FNDA:0,(anonymous_2)
FNDA:0,(anonymous_3)
FNDA:0,(anonymous_4)
FNDA:0,(anonymous_5)
FNDA:0,promise_to_sort_leaves
FNDA:0,(anonymous_7)
FNDA:0,(anonymous_8)
DA:5,0
DA:6,0
DA:7,0
DA:8,0
DA:12,0
DA:13,0
DA:16,0
DA:19,0
DA:20,0
DA:22,0
DA:23,0
DA:29,0
DA:33,0
DA:35,0
DA:38,0
DA:39,0
DA:40,0
DA:41,0
DA:46,0
DA:55,0
DA:56,0
DA:62,0
DA:63,0
LF:23
LH:0
BRDA:12,0,0,0
BRDA:12,0,1,0
BRDA:22,1,0,0
BRDA:22,1,1,0
BRDA:35,2,0,0
BRDA:35,2,1,0
BRDA:35,3,0,0
BRDA:35,3,1,0
BRDA:56,4,0,0
BRDA:56,4,1,0
BRDA:57,5,0,0
BRDA:57,5,1,0
BRF:12
BRH:0
end_of_record
TN:
SF:lib/model/leave_day.js
FN:18,LeaveDay
FN:23,(anonymous_1)
FN:36,(anonymous_2)
FN:40,(anonymous_3)
FN:44,(anonymous_4)
FN:48,(anonymous_5)
FN:52,(anonymous_6)
FN:59,(anonymous_7)
FN:63,(anonymous_8)
FNF:9
FNH:2
FNDA:11,LeaveDay
FNDA:44,(anonymous_1)
FNDA:0,(anonymous_2)
FNDA:0,(anonymous_3)
FNDA:0,(anonymous_4)
FNDA:0,(anonymous_5)
FNDA:0,(anonymous_6)
FNDA:0,(anonymous_7)
FNDA:0,(anonymous_8)
DA:15,1
DA:16,1
DA:21,11
DA:24,44
DA:25,0
DA:30,11
DA:31,0
DA:32,0
DA:33,0
DA:36,1
DA:37,0
DA:40,1
DA:41,0
DA:44,1
DA:45,0
DA:48,1
DA:49,0
DA:52,1
DA:53,0
DA:59,1
DA:60,0
DA:63,1
DA:64,0
DA:67,1
LF:24
LH:13
BRDA:24,0,0,0
BRDA:24,0,1,44
BRF:2
BRH:1
end_of_record
TN:
SF:lib/model/leave_request_parameters.js
FN:9,LeaveRequest
FN:18,(anonymous_1)
FN:35,(anonymous_2)
FN:39,(anonymous_3)
FN:48,(anonymous_4)
FN:54,(anonymous_5)
FN:60,(anonymous_6)
FN:87,(anonymous_7)
FN:94,(anonymous_8)
FN:99,(anonymous_9)
FNF:10
FNH:0
FNDA:0,LeaveRequest
FNDA:0,(anonymous_1)
FNDA:0,(anonymous_2)
FNDA:0,(anonymous_3)
FNDA:0,(anonymous_4)
FNDA:0,(anonymous_5)
FNDA:0,(anonymous_6)
FNDA:0,(anonymous_7)
FNDA:0,(anonymous_8)
FNDA:0,(anonymous_9)
DA:5,0
DA:6,0
DA:7,0
DA:10,0
DA:13,0
DA:19,0
DA:20,0
DA:26,0
DA:27,0
DA:30,0
DA:35,0
DA:39,0
DA:40,0
DA:41,0
DA:43,0
DA:48,0
DA:51,0
DA:54,0
DA:55,0
DA:60,0
DA:61,0
DA:63,0
DA:76,0
DA:79,0
DA:87,0
DA:89,0
DA:94,0
DA:96,0
DA:99,0
DA:101,0
DA:105,0
LF:31
LH:0
BRDA:19,0,0,0
BRDA:19,0,1,0
BRDA:26,1,0,0
BRDA:26,1,1,0
BRDA:63,2,0,0
BRDA:63,2,1,0
BRDA:64,3,0,0
BRDA:64,3,1,0
BRDA:64,3,2,0
BRDA:64,3,3,0
BRDA:89,4,0,0
BRDA:89,4,1,0
BRF:12
BRH:0
end_of_record
TN:
SF:lib/model/team_view.js
FN:11,TeamView
FN:37,(anonymous_1)
FN:54,(anonymous_2)
FN:61,(anonymous_3)
FN:80,(anonymous_4)
FN:95,(anonymous_5)
FN:100,(anonymous_6)
FN:104,(anonymous_7)
FN:138,(anonymous_8)
FN:154,(anonymous_9)
FN:158,(anonymous_10)
FN:164,(anonymous_11)
FN:169,(anonymous_12)
FN:171,(anonymous_13)
FN:173,(anonymous_14)
FN:175,(anonymous_15)
FN:176,(anonymous_16)
FN:207,(anonymous_17)
FN:208,(anonymous_18)
FN:225,(anonymous_19)
FN:234,(anonymous_20)
FN:238,(anonymous_21)
FNF:22
FNH:1
FNDA:11,TeamView
FNDA:0,(anonymous_1)
FNDA:0,(anonymous_2)
FNDA:0,(anonymous_3)
FNDA:0,(anonymous_4)
FNDA:0,(anonymous_5)
FNDA:0,(anonymous_6)
FNDA:0,(anonymous_7)
FNDA:0,(anonymous_8)
FNDA:0,(anonymous_9)
FNDA:0,(anonymous_10)
FNDA:0,(anonymous_11)
FNDA:0,(anonymous_12)
FNDA:0,(anonymous_13)
FNDA:0,(anonymous_14)
FNDA:0,(anonymous_15)
FNDA:0,(anonymous_16)
FNDA:0,(anonymous_17)
FNDA:0,(anonymous_18)
FNDA:0,(anonymous_19)
FNDA:0,(anonymous_20)
FNDA:0,(anonymous_21)
DA:5,1
DA:6,1
DA:7,1
DA:8,1
DA:9,1
DA:12,11
DA:14,11
DA:15,0
DA:26,0
DA:27,0
DA:29,0
DA:30,0
DA:37,1
DA:40,0
DA:41,0
DA:45,0
DA:46,0
DA:47,0
DA:48,0
DA:50,0
DA:54,0
DA:56,0
DA:59,0
DA:61,0
DA:65,0
DA:68,0
DA:69,0
DA:72,0
DA:75,0
DA:79,0
DA:81,0
DA:86,0
DA:94,0
DA:95,0
DA:100,0
DA:102,0
DA:104,0
DA:107,0
DA:117,1
DA:138,1
DA:141,0
DA:142,0
DA:143,0
DA:144,0
DA:145,0
DA:149,0
DA:150,0
DA:153,0
DA:154,0
DA:156,0
DA:160,0
DA:163,0
DA:164,0
DA:166,0
DA:169,0
DA:171,0
DA:173,0
DA:175,0
DA:178,0
DA:180,0
DA:182,0
DA:183,0
DA:187,0
DA:189,0
DA:190,0
DA:193,0
DA:198,0
DA:207,0
DA:208,0
DA:212,0
DA:215,0
DA:225,1
DA:230,0
DA:231,0
DA:233,0
DA:234,0
DA:236,0
DA:239,0
DA:240,0
DA:244,0
DA:247,1
LF:81
LH:12
BRDA:15,0,0,0
BRDA:15,0,1,0
BRDA:29,1,0,0
BRDA:29,1,1,0
BRDA:29,2,0,0
BRDA:29,2,1,0
BRDA:29,2,2,0
BRDA:40,3,0,0
BRDA:40,3,1,0
BRDA:56,4,0,0
BRDA:56,4,1,0
BRDA:68,5,0,0
BRDA:68,5,1,0
BRDA:72,6,0,0
BRDA:72,6,1,0
BRDA:75,7,0,0
BRDA:75,7,1,0
BRDA:75,8,0,0
BRDA:75,8,1,0
BRDA:95,9,0,0
BRDA:95,9,1,0
BRDA:95,10,0,0
BRDA:95,10,1,0
BRDA:142,11,0,0
BRDA:142,11,1,0
BRDA:150,12,0,0
BRDA:150,12,1,0
BRDA:178,13,0,0
BRDA:178,13,1,0
BRDA:182,14,0,0
BRDA:182,14,1,0
BRDA:182,15,0,0
BRDA:182,15,1,0
BRDA:187,16,0,0
BRDA:187,16,1,0
BRDA:189,17,0,0
BRDA:189,17,1,0
BRDA:189,18,0,0
BRDA:189,18,1,0
BRDA:207,19,0,0
BRDA:207,19,1,0
BRDA:207,20,0,0
BRDA:207,20,1,0
BRDA:239,21,0,0
BRDA:239,21,1,0
BRDA:239,22,0,0
BRDA:239,22,1,0
BRF:47
BRH:0
end_of_record
TN:
SF:lib/model/user_allowance.js
FN:32,(anonymous_0)
FN:42,(anonymous_1)
FN:71,(anonymous_2)
FN:91,(anonymous_3)
FN:100,(anonymous_4)
FN:104,(anonymous_5)
FN:108,(anonymous_6)
FN:112,(anonymous_7)
FN:116,(anonymous_8)
FN:135,(anonymous_9)
FN:139,(anonymous_10)
FN:143,(anonymous_11)
FN:172,(anonymous_12)
FN:210,(anonymous_13)
FN:230,(anonymous_14)
FN:234,(anonymous_15)
FN:236,(anonymous_16)
FN:242,(anonymous_17)
FN:248,(anonymous_18)
FNF:19
FNH:0
FNDA:0,(anonymous_0)
FNDA:0,(anonymous_1)
FNDA:0,(anonymous_2)
FNDA:0,(anonymous_3)
FNDA:0,(anonymous_4)
FNDA:0,(anonymous_5)
FNDA:0,(anonymous_6)
FNDA:0,(anonymous_7)
FNDA:0,(anonymous_8)
FNDA:0,(anonymous_9)
FNDA:0,(anonymous_10)
FNDA:0,(anonymous_11)
FNDA:0,(anonymous_12)
FNDA:0,(anonymous_13)
FNDA:0,(anonymous_14)
FNDA:0,(anonymous_15)
FNDA:0,(anonymous_16)
FNDA:0,(anonymous_17)
FNDA:0,(anonymous_18)
DA:14,0
DA:15,0
DA:16,0
DA:24,0
DA:28,0
DA:32,0
DA:34,0
DA:42,0
DA:44,0
DA:54,0
DA:74,0
DA:80,0
DA:83,0
DA:84,0
DA:85,0
DA:86,0
DA:87,0
DA:88,0
DA:92,0
DA:94,0
DA:101,0
DA:105,0
DA:109,0
DA:113,0
DA:117,0
DA:122,0
DA:125,0
DA:128,0
DA:136,0
DA:140,0
DA:145,0
DA:146,0
DA:148,0
DA:152,0
DA:155,0
DA:158,0
DA:162,0
DA:174,0
DA:175,0
DA:185,0
DA:189,0
DA:193,0
DA:197,0
DA:199,0
DA:201,0
DA:212,0
DA:219,0
DA:220,0
DA:225,0
DA:227,0
DA:229,0
DA:230,0
DA:234,0
DA:236,0
DA:237,0
DA:238,0
DA:239,0
DA:242,0
DA:248,0
DA:249,0
DA:257,0
DA:258,0
DA:259,0
DA:260,0
DA:263,0
DA:266,0
DA:270,0
LF:67
LH:0
BRDA:122,0,0,0
BRDA:122,0,1,0
BRDA:122,1,0,0
BRDA:122,1,1,0
BRDA:131,2,0,0
BRDA:131,2,1,0
BRDA:148,3,0,0
BRDA:148,3,1,0
BRDA:149,4,0,0
BRDA:149,4,1,0
BRDA:149,4,2,0
BRDA:155,5,0,0
BRDA:155,5,1,0
BRDA:158,6,0,0
BRDA:158,6,1,0
BRDA:158,7,0,0
BRDA:158,7,1,0
BRDA:189,8,0,0
BRDA:189,8,1,0
BRDA:193,9,0,0
BRDA:193,9,1,0
BRDA:193,10,0,0
BRDA:193,10,1,0
BRDA:229,11,0,0
BRDA:229,11,1,0
BRDA:257,12,0,0
BRDA:257,12,1,0
BRDA:257,13,0,0
BRDA:257,13,1,0
BRDA:259,14,0,0
BRDA:259,14,1,0
BRDA:259,15,0,0
BRDA:259,15,1,0
BRF:33
BRH:0
end_of_record
TN:
SF:lib/model/user_importer.js
FN:23,(anonymous_0)
FN:27,add_user
FN:64,(anonymous_2)
FN:68,(anonymous_3)
FN:81,(anonymous_4)
FN:84,(anonymous_5)
FN:87,add_users_in_bulk
FN:104,(anonymous_7)
FN:107,(anonymous_8)
FN:111,(anonymous_9)
FN:116,(anonymous_10)
FN:129,(anonymous_11)
FN:136,(anonymous_12)
FN:137,(anonymous_13)
FN:141,(anonymous_14)
FN:148,(anonymous_15)
FN:160,(anonymous_16)
FN:166,(anonymous_17)
FN:181,validate_email_to_be_free
FN:194,(anonymous_19)
FNF:20
FNH:0
FNDA:0,(anonymous_0)
FNDA:0,add_user
FNDA:0,(anonymous_2)
FNDA:0,(anonymous_3)
FNDA:0,(anonymous_4)
FNDA:0,(anonymous_5)
FNDA:0,add_users_in_bulk
FNDA:0,(anonymous_7)
FNDA:0,(anonymous_8)
FNDA:0,(anonymous_9)
FNDA:0,(anonymous_10)
FNDA:0,(anonymous_11)
FNDA:0,(anonymous_12)
FNDA:0,(anonymous_13)
FNDA:0,(anonymous_14)
FNDA:0,(anonymous_15)
FNDA:0,(anonymous_16)
FNDA:0,(anonymous_17)
FNDA:0,validate_email_to_be_free
FNDA:0,(anonymous_19)
DA:5,0
DA:6,0
DA:7,0
DA:8,0
DA:9,0
DA:10,0
DA:12,0
DA:23,0
DA:28,0
DA:30,0
DA:31,0
DA:32,0
DA:33,0
DA:40,0
DA:42,0
DA:44,0
DA:45,0
DA:46,0
DA:47,0
DA:48,0
DA:50,0
DA:51,0
DA:52,0
DA:53,0
DA:57,0
DA:58,0
DA:61,0
DA:64,0
DA:69,0
DA:70,0
DA:76,0
DA:81,0
DA:84,0
DA:88,0
DA:89,0
DA:90,0
DA:93,0
DA:94,0
DA:95,0
DA:96,0
DA:98,0
DA:105,0
DA:106,0
DA:107,0
DA:110,0
DA:111,0
DA:114,0
DA:115,0
DA:116,0
DA:119,0
DA:128,0
DA:129,0
DA:132,0
DA:137,0
DA:138,0
DA:140,0
DA:141,0
DA:149,0
DA:161,0
DA:166,0
DA:167,0
DA:172,0
DA:177,0
DA:182,0
DA:184,0
DA:185,0
DA:191,0
DA:196,0
DA:197,0
DA:202,0
DA:206,0
LF:71
LH:0
BRDA:30,0,0,0
BRDA:30,0,1,0
BRDA:57,1,0,0
BRDA:57,1,1,0
BRDA:69,2,0,0
BRDA:69,2,1,0
BRDA:114,3,0,0
BRDA:114,3,1,0
BRDA:167,4,0,0
BRDA:167,4,1,0
BRDA:184,5,0,0
BRDA:184,5,1,0
BRDA:196,6,0,0
BRDA:196,6,1,0
BRF:14
BRH:0
end_of_record
TN:
SF:lib/model/company/remover.js
FN:20,(anonymous_0)
FN:35,(anonymous_1)
FN:36,(anonymous_2)
FN:37,(anonymous_3)
FN:56,(anonymous_4)
FN:69,(anonymous_5)
FN:71,(anonymous_6)
FN:71,(anonymous_7)
FN:73,(anonymous_8)
FN:75,(anonymous_9)
FNF:10
FNH:0
FNDA:0,(anonymous_0)
FNDA:0,(anonymous_1)
FNDA:0,(anonymous_2)
FNDA:0,(anonymous_3)
FNDA:0,(anonymous_4)
FNDA:0,(anonymous_5)
FNDA:0,(anonymous_6)
FNDA:0,(anonymous_7)
FNDA:0,(anonymous_8)
FNDA:0,(anonymous_9)
DA:5,0
DA:6,0
DA:7,0
DA:8,0
DA:11,0
DA:22,0
DA:29,0
DA:30,0
DA:31,0
DA:34,0
DA:35,0
DA:36,0
DA:37,0
DA:39,0
DA:40,0
DA:46,0
DA:57,0
DA:58,0
DA:63,0
DA:69,0
DA:71,0
DA:73,0
DA:75,0
DA:79,0
LF:24
LH:0
BRDA:39,0,0,0
BRDA:39,0,1,0
BRDA:57,1,0,0
BRDA:57,1,1,0
BRF:4
BRH:0
end_of_record
TN:
SF:lib/model/company/exporter/index.js
FN:20,(anonymous_0)
FN:30,(anonymous_1)
FN:34,(anonymous_2)
FN:57,(anonymous_3)
FNF:4
FNH:0
FNDA:0,(anonymous_0)
FNDA:0,(anonymous_1)
FNDA:0,(anonymous_2)
FNDA:0,(anonymous_3)
DA:5,0
DA:6,0
DA:7,0
DA:10,0
DA:14,0
DA:21,0
DA:27,0
DA:31,0
DA:35,0
DA:42,0
DA:43,0
DA:45,0
DA:57,0
DA:66,0
LF:14
LH:0
BRF:0
BRH:0
end_of_record
TN:
SF:lib/model/company/exporter/summary.js
FN:17,(anonymous_0)
FN:28,(anonymous_1)
FN:29,(anonymous_2)
FN:31,(anonymous_3)
FN:40,(anonymous_4)
FN:43,(anonymous_5)
FN:54,(anonymous_6)
FN:64,(anonymous_7)
FN:64,(anonymous_8)
FN:95,(anonymous_9)
FN:100,(anonymous_10)
FNF:11
FNH:0
FNDA:0,(anonymous_0)
FNDA:0,(anonymous_1)
FNDA:0,(anonymous_2)
FNDA:0,(anonymous_3)
FNDA:0,(anonymous_4)
FNDA:0,(anonymous_5)
FNDA:0,(anonymous_6)
FNDA:0,(anonymous_7)
FNDA:0,(anonymous_8)
FNDA:0,(anonymous_9)
FNDA:0,(anonymous_10)
DA:5,0
DA:6,0
DA:7,0
DA:8,0
DA:11,0
DA:18,0
DA:24,0
DA:25,0
DA:28,0
DA:29,0
DA:33,0
DA:34,0
DA:35,0
DA:36,0
DA:37,0
DA:40,0
DA:43,0
DA:46,0
DA:51,0
DA:56,0
DA:64,0
DA:67,0
DA:68,0
DA:70,0
DA:92,0
DA:96,0
DA:98,0
DA:100,0
DA:105,0
LF:29
LH:0
BRDA:56,0,0,0
BRDA:56,0,1,0
BRDA:78,1,0,0
BRDA:78,1,1,0
BRDA:79,2,0,0
BRDA:79,2,1,0
BRDA:84,3,0,0
BRDA:84,3,1,0
BRDA:85,4,0,0
BRDA:85,4,1,0
BRDA:86,5,0,0
BRDA:86,5,1,0
BRF:12
BRH:0
end_of_record
TN:
SF:lib/model/db/audit.js
FN:4,(anonymous_0)
FN:41,(anonymous_1)
FNF:2
FNH:1
FNDA:11,(anonymous_0)
FNDA:0,(anonymous_1)
DA:4,1
DA:6,11
DA:42,0
DA:47,0
DA:56,0
LF:5
LH:2
BRF:0
BRH:0
end_of_record
TN:
SF:lib/model/db/bank_holiday.js
FN:7,(anonymous_0)
FN:25,(anonymous_1)
FN:29,(anonymous_2)
FN:50,(anonymous_3)
FN:65,(anonymous_4)
FNF:5
FNH:1
FNDA:10,(anonymous_0)
FNDA:0,(anonymous_1)
FNDA:0,(anonymous_2)
FNDA:0,(anonymous_3)
FNDA:0,(anonymous_4)
DA:3,1
DA:4,1
DA:5,1
DA:7,1
DA:8,10
DA:26,0
DA:30,0
DA:31,0
DA:33,0
DA:41,0
DA:43,0
DA:48,0
DA:51,0
DA:60,0
DA:66,0
DA:71,0
LF:16
LH:5
BRDA:43,0,0,0
BRDA:43,0,1,0
BRDA:44,1,0,0
BRDA:44,1,1,0
BRDA:44,1,2,0
BRF:5
BRH:0
end_of_record
TN:
SF:lib/model/db/comment.js
FN:4,(anonymous_0)
FN:30,(anonymous_1)
FN:41,(anonymous_2)
FNF:3
FNH:1
FNDA:11,(anonymous_0)
FNDA:0,(anonymous_1)
FNDA:0,(anonymous_2)
DA:4,1
DA:5,11
DA:31,0
DA:36,0
DA:41,0
DA:45,0
LF:6
LH:2
BRF:0
BRH:0
end_of_record
TN:
SF:lib/model/db/company.js
FN:12,(anonymous_0)
FN:46,(anonymous_1)
FN:53,(anonymous_2)
FN:99,(anonymous_3)
FN:118,(anonymous_4)
FN:145,(anonymous_5)
FN:167,(anonymous_6)
FN:219,(anonymous_7)
FN:238,(anonymous_8)
FN:243,(anonymous_9)
FN:256,(anonymous_10)
FN:272,(anonymous_11)
FN:280,(anonymous_12)
FN:298,(anonymous_13)
FN:302,(anonymous_14)
FN:306,(anonymous_15)
FN:313,(anonymous_16)
FN:333,(anonymous_17)
FN:344,(anonymous_18)
FN:348,(anonymous_19)
FN:353,(anonymous_20)
FN:367,(anonymous_21)
FN:373,(anonymous_22)
FN:381,(anonymous_23)
FN:391,(anonymous_24)
FN:398,(anonymous_25)
FN:412,(anonymous_26)
FNF:27
FNH:0
FNDA:0,(anonymous_0)
FNDA:0,(anonymous_1)
FNDA:0,(anonymous_2)
FNDA:0,(anonymous_3)
FNDA:0,(anonymous_4)
FNDA:0,(anonymous_5)
FNDA:0,(anonymous_6)
FNDA:0,(anonymous_7)
FNDA:0,(anonymous_8)
FNDA:0,(anonymous_9)
FNDA:0,(anonymous_10)
FNDA:0,(anonymous_11)
FNDA:0,(anonymous_12)
FNDA:0,(anonymous_13)
FNDA:0,(anonymous_14)
FNDA:0,(anonymous_15)
FNDA:0,(anonymous_16)
FNDA:0,(anonymous_17)
FNDA:0,(anonymous_18)
FNDA:0,(anonymous_19)
FNDA:0,(anonymous_20)
FNDA:0,(anonymous_21)
FNDA:0,(anonymous_22)
FNDA:0,(anonymous_23)
FNDA:0,(anonymous_24)
FNDA:0,(anonymous_25)
FNDA:0,(anonymous_26)
DA:4,0
DA:5,0
DA:6,0
DA:7,0
DA:8,0
DA:9,0
DA:12,0
DA:13,0
DA:47,0
DA:48,0
DA:50,0
DA:54,0
DA:55,0
DA:56,0
DA:58,0
DA:62,0
DA:65,0
DA:99,0
DA:119,0
DA:123,0
DA:127,0
DA:131,0
DA:135,0
DA:139,0
DA:147,0
DA:156,0
DA:163,0
DA:168,0
DA:177,0
DA:186,0
DA:195,0
DA:202,0
DA:211,0
DA:239,0
DA:244,0
DA:245,0
DA:248,0
DA:258,0
DA:274,0
DA:280,0
DA:299,0
DA:303,0
DA:305,0
DA:307,0
DA:309,0
DA:315,0
DA:316,0
DA:320,0
DA:330,0
DA:334,0
DA:345,0
DA:349,0
DA:350,0
DA:354,0
DA:356,0
DA:358,0
DA:359,0
DA:362,0
DA:368,0
DA:374,0
DA:376,0
DA:382,0
DA:384,0
DA:386,0
DA:392,0
DA:394,0
DA:400,0
DA:401,0
DA:404,0
DA:413,0
DA:419,0
LF:71
LH:0
BRDA:47,0,0,0
BRDA:47,0,1,0
BRDA:47,1,0,0
BRDA:47,1,1,0
BRDA:244,2,0,0
BRDA:244,2,1,0
BRDA:245,3,0,0
BRDA:245,3,1,0
BRDA:249,4,0,0
BRDA:249,4,1,0
BRDA:316,5,0,0
BRDA:316,5,1,0
BRDA:358,6,0,0
BRDA:358,6,1,0
BRDA:400,7,0,0
BRDA:400,7,1,0
BRF:16
BRH:0
end_of_record
TN:
SF:lib/model/db/department.js
FN:10,(anonymous_0)
FN:42,(anonymous_1)
FN:71,(anonymous_2)
FN:91,(anonymous_3)
FN:99,(anonymous_4)
FN:105,(anonymous_5)
FN:109,(anonymous_6)
FN:116,(anonymous_7)
FN:128,(anonymous_8)
FN:134,(anonymous_9)
FN:138,(anonymous_10)
FN:169,(anonymous_11)
FN:170,(anonymous_12)
FN:175,(anonymous_13)
FN:179,(anonymous_14)
FN:181,(anonymous_15)
FN:182,(anonymous_16)
FN:189,(anonymous_17)
FN:212,(anonymous_18)
FN:216,(anonymous_19)
FN:251,(anonymous_20)
FNF:21
FNH:0
FNDA:0,(anonymous_0)
FNDA:0,(anonymous_1)
FNDA:0,(anonymous_2)
FNDA:0,(anonymous_3)
FNDA:0,(anonymous_4)
FNDA:0,(anonymous_5)
FNDA:0,(anonymous_6)
FNDA:0,(anonymous_7)
FNDA:0,(anonymous_8)
FNDA:0,(anonymous_9)
FNDA:0,(anonymous_10)
FNDA:0,(anonymous_11)
FNDA:0,(anonymous_12)
FNDA:0,(anonymous_13)
FNDA:0,(anonymous_14)
FNDA:0,(anonymous_15)
FNDA:0,(anonymous_16)
FNDA:0,(anonymous_17)
FNDA:0,(anonymous_18)
FNDA:0,(anonymous_19)
FNDA:0,(anonymous_20)
DA:4,0
DA:5,0
DA:6,0
DA:7,0
DA:8,0
DA:10,0
DA:11,0
DA:44,0
DA:53,0
DA:62,0
DA:74,0
DA:75,0
DA:76,0
DA:78,0
DA:83,0
DA:92,0
DA:100,0
DA:106,0
DA:110,0
DA:119,0
DA:120,0
DA:121,0
DA:122,0
DA:125,0
DA:129,0
DA:130,0
DA:133,0
DA:134,0
DA:141,0
DA:143,0
DA:145,0
DA:150,0
DA:151,0
DA:158,0
DA:159,0
DA:165,0
DA:169,0
DA:172,0
DA:176,0
DA:181,0
DA:182,0
DA:183,0
DA:184,0
DA:188,0
DA:190,0
DA:202,0
DA:209,0
DA:214,0
DA:216,0
DA:218,0
DA:223,0
DA:225,0
DA:239,0
DA:241,0
DA:244,0
DA:252,0
DA:254,0
DA:259,0
LF:58
LH:0
BRDA:129,0,0,0
BRDA:129,0,1,0
BRDA:141,1,0,0
BRDA:141,1,1,0
BRDA:150,2,0,0
BRDA:150,2,1,0
BRDA:158,3,0,0
BRDA:158,3,1,0
BRDA:229,4,0,0
BRDA:229,4,1,0
BRF:10
BRH:0
end_of_record
TN:
SF:lib/model/db/department_supervisor.js
FN:4,(anonymous_0)
FN:18,(anonymous_1)
FNF:2
FNH:1
FNDA:10,(anonymous_0)
FNDA:0,(anonymous_1)
DA:4,1
DA:5,10
DA:20,0
DA:25,0
DA:34,0
LF:5
LH:2
BRF:0
BRH:0
end_of_record
TN:
SF:lib/model/db/email_audit.js
FN:7,(anonymous_0)
FN:34,(anonymous_1)
FN:52,(anonymous_2)
FNF:3
FNH:1
FNDA:10,(anonymous_0)
FNDA:0,(anonymous_1)
FNDA:0,(anonymous_2)
DA:5,1
DA:7,1
DA:8,10
DA:36,0
DA:42,0
DA:53,0
DA:59,0
LF:7
LH:3
BRDA:53,0,0,0
BRDA:53,0,1,0
BRF:2
BRH:0
end_of_record
TN:
SF:lib/model/db/index.js
FN:13,(anonymous_0)
FN:17,(anonymous_1)
FN:24,(anonymous_2)
FN:32,(anonymous_3)
FN:40,(anonymous_4)
FNF:5
FNH:0
FNDA:0,(anonymous_0)
FNDA:0,(anonymous_1)
FNDA:0,(anonymous_2)
FNDA:0,(anonymous_3)
FNDA:0,(anonymous_4)
DA:3,0
DA:4,0
DA:5,0
DA:6,0
DA:7,0
DA:8,0
DA:9,0
DA:11,0
DA:14,0
DA:18,0
DA:19,0
DA:24,0
DA:25,0
DA:26,0
DA:32,0
DA:33,0
DA:34,0
DA:40,0
DA:41,0
DA:42,0
DA:46,0
DA:47,0
DA:49,0
LF:23
LH:0
BRDA:6,0,0,0
BRDA:6,0,1,0
BRDA:14,1,0,0
BRDA:14,1,1,0
BRDA:25,2,0,0
BRDA:25,2,1,0
BRDA:33,3,0,0
BRDA:33,3,1,0
BRDA:41,4,0,0
BRDA:41,4,1,0
BRF:10
BRH:0
end_of_record
TN:
SF:lib/model/db/leave.js
FN:10,(anonymous_0)
FN:64,(anonymous_1)
FN:77,(anonymous_2)
FN:78,(anonymous_3)
FN:79,(anonymous_4)
FN:80,(anonymous_5)
FN:81,(anonymous_6)
FN:83,(anonymous_7)
FN:84,(anonymous_8)
FN:85,(anonymous_9)
FN:90,(anonymous_10)
FN:102,(anonymous_11)
FN:126,(anonymous_12)
FN:143,(anonymous_13)
FN:176,(anonymous_14)
FN:180,(anonymous_15)
FN:187,(anonymous_16)
FN:194,(anonymous_17)
FN:198,(anonymous_18)
FN:204,(anonymous_19)
FN:208,(anonymous_20)
FN:212,(anonymous_21)
FN:216,(anonymous_22)
FN:220,(anonymous_23)
FN:242,(anonymous_24)
FN:265,(anonymous_25)
FN:275,(anonymous_26)
FN:291,(anonymous_27)
FN:299,(anonymous_28)
FN:322,(anonymous_29)
FN:348,(anonymous_30)
FN:359,(anonymous_31)
FN:374,(anonymous_32)
FN:386,(anonymous_33)
FN:396,(anonymous_34)
FNF:35
FNH:0
FNDA:0,(anonymous_0)
FNDA:0,(anonymous_1)
FNDA:0,(anonymous_2)
FNDA:0,(anonymous_3)
FNDA:0,(anonymous_4)
FNDA:0,(anonymous_5)
FNDA:0,(anonymous_6)
FNDA:0,(anonymous_7)
FNDA:0,(anonymous_8)
FNDA:0,(anonymous_9)
FNDA:0,(anonymous_10)
FNDA:0,(anonymous_11)
FNDA:0,(anonymous_12)
FNDA:0,(anonymous_13)
FNDA:0,(anonymous_14)
FNDA:0,(anonymous_15)
FNDA:0,(anonymous_16)
FNDA:0,(anonymous_17)
FNDA:0,(anonymous_18)
FNDA:0,(anonymous_19)
FNDA:0,(anonymous_20)
FNDA:0,(anonymous_21)
FNDA:0,(anonymous_22)
FNDA:0,(anonymous_23)
FNDA:0,(anonymous_24)
FNDA:0,(anonymous_25)
FNDA:0,(anonymous_26)
FNDA:0,(anonymous_27)
FNDA:0,(anonymous_28)
FNDA:0,(anonymous_29)
FNDA:0,(anonymous_30)
FNDA:0,(anonymous_31)
FNDA:0,(anonymous_32)
FNDA:0,(anonymous_33)
FNDA:0,(anonymous_34)
DA:5,0
DA:6,0
DA:7,0
DA:8,0
DA:10,0
DA:11,0
DA:65,0
DA:66,0
DA:67,0
DA:68,0
DA:77,0
DA:78,0
DA:79,0
DA:80,0
DA:81,0
DA:83,0
DA:84,0
DA:85,0
DA:91,0
DA:93,0
DA:104,0
DA:105,0
DA:106,0
DA:107,0
DA:109,0
DA:110,0
DA:113,0
DA:115,0
DA:117,0
DA:118,0
DA:121,0
DA:124,0
DA:127,0
DA:140,0
DA:147,0
DA:154,0
DA:159,0
DA:170,0
DA:173,0
DA:177,0
DA:181,0
DA:188,0
DA:195,0
DA:199,0
DA:205,0
DA:209,0
DA:213,0
DA:217,0
DA:221,0
DA:224,0
DA:225,0
DA:230,0
DA:231,0
DA:232,0
DA:234,0
DA:235,0
DA:239,0
DA:244,0
DA:245,0
DA:246,0
DA:249,0
DA:250,0
DA:253,0
DA:254,0
DA:259,0
DA:261,0
DA:263,0
DA:265,0
DA:266,0
DA:272,0
DA:274,0
DA:278,0
DA:282,0
DA:285,0
DA:286,0
DA:289,0
DA:292,0
DA:296,0
DA:300,0
DA:302,0
DA:303,0
DA:306,0
DA:307,0
DA:310,0
DA:313,0
DA:317,0
DA:319,0
DA:323,0
DA:325,0
DA:326,0
DA:329,0
DA:330,0
DA:333,0
DA:339,0
DA:343,0
DA:345,0
DA:349,0
DA:351,0
DA:361,0
DA:366,0
DA:368,0
DA:370,0
DA:375,0
DA:377,0
DA:378,0
DA:381,0
DA:383,0
DA:387,0
DA:389,0
DA:390,0
DA:392,0
DA:398,0
DA:414,0
LF:113
LH:0
BRDA:109,0,0,0
BRDA:109,0,1,0
BRDA:113,1,0,0
BRDA:113,1,1,0
BRDA:131,2,0,0
BRDA:131,2,1,0
BRDA:133,3,0,0
BRDA:133,3,1,0
BRDA:147,4,0,0
BRDA:147,4,1,0
BRDA:148,5,0,0
BRDA:148,5,1,0
BRDA:148,5,2,0
BRDA:159,6,0,0
BRDA:159,6,1,0
BRDA:160,7,0,0
BRDA:160,7,1,0
BRDA:160,7,2,0
BRDA:188,8,0,0
BRDA:188,8,1,0
BRDA:224,9,0,0
BRDA:224,9,1,0
BRDA:224,10,0,0
BRDA:224,10,1,0
BRDA:230,11,0,0
BRDA:230,11,1,0
BRDA:231,12,0,0
BRDA:231,12,1,0
BRDA:234,13,0,0
BRDA:234,13,1,0
BRDA:246,14,0,0
BRDA:246,14,1,0
BRDA:249,15,0,0
BRDA:249,15,1,0
BRDA:249,16,0,0
BRDA:249,16,1,0
BRDA:253,17,0,0
BRDA:253,17,1,0
BRDA:253,18,0,0
BRDA:253,18,1,0
BRDA:259,19,0,0
BRDA:259,19,1,0
BRDA:259,20,0,0
BRDA:259,20,1,0
BRDA:261,21,0,0
BRDA:261,21,1,0
BRDA:261,21,2,0
BRDA:274,22,0,0
BRDA:274,22,1,0
BRDA:278,23,0,0
BRDA:278,23,1,0
BRDA:282,24,0,0
BRDA:282,24,1,0
BRDA:282,25,0,0
BRDA:282,25,1,0
BRDA:285,26,0,0
BRDA:285,26,1,0
BRDA:302,27,0,0
BRDA:302,27,1,0
BRDA:306,28,0,0
BRDA:306,28,1,0
BRDA:313,29,0,0
BRDA:313,29,1,0
BRDA:325,30,0,0
BRDA:325,30,1,0
BRDA:329,31,0,0
BRDA:329,31,1,0
BRDA:339,32,0,0
BRDA:339,32,1,0
BRDA:361,33,0,0
BRDA:361,33,1,0
BRDA:377,34,0,0
BRDA:377,34,1,0
BRDA:389,35,0,0
BRDA:389,35,1,0
BRF:75
BRH:0
end_of_record
TN:
SF:lib/model/db/leave_type.js
FN:3,(anonymous_0)
FN:33,(anonymous_1)
FN:38,(anonymous_2)
FN:59,(anonymous_3)
FNF:4
FNH:1
FNDA:11,(anonymous_0)
FNDA:0,(anonymous_1)
FNDA:0,(anonymous_2)
FNDA:0,(anonymous_3)
DA:3,1
DA:4,11
DA:34,0
DA:35,0
DA:39,0
DA:41,0
DA:60,0
DA:62,0
DA:70,0
LF:9
LH:2
BRDA:60,0,0,0
BRDA:60,0,1,0
BRDA:62,1,0,0
BRDA:62,1,1,0
BRF:4
BRH:0
end_of_record
TN:
SF:lib/model/db/schedule.js
FN:7,works_whole_day
FN:8,works_none
FN:9,works_morning
FN:10,works_afternoon
FN:12,week_day_flag_setter
FN:13,(anonymous_5)
FN:16,(anonymous_6)
FN:73,(anonymous_7)
FN:78,(anonymous_8)
FN:96,(anonymous_9)
FN:103,(anonymous_10)
FN:112,(anonymous_11)
FN:116,(anonymous_12)
FN:126,(anonymous_13)
FN:130,(anonymous_14)
FN:134,(anonymous_15)
FN:138,(anonymous_16)
FN:142,(anonymous_17)
FN:146,(anonymous_18)
FN:150,(anonymous_19)
FNF:20
FNH:4
FNDA:45,works_whole_day
FNDA:18,works_none
FNDA:0,works_morning
FNDA:0,works_afternoon
FNDA:63,week_day_flag_setter
FNDA:0,(anonymous_5)
FNDA:9,(anonymous_6)
FNDA:0,(anonymous_7)
FNDA:0,(anonymous_8)
FNDA:0,(anonymous_9)
FNDA:0,(anonymous_10)
FNDA:0,(anonymous_11)
FNDA:0,(anonymous_12)
FNDA:0,(anonymous_13)
FNDA:0,(anonymous_14)
FNDA:0,(anonymous_15)
FNDA:0,(anonymous_16)
FNDA:0,(anonymous_17)
FNDA:0,(anonymous_18)
FNDA:0,(anonymous_19)
DA:4,1
DA:5,1
DA:7,45
DA:8,18
DA:9,0
DA:10,0
DA:13,63
DA:16,1
DA:18,9
DA:74,0
DA:75,0
DA:79,0
DA:80,0
DA:82,0
DA:83,0
DA:86,0
DA:91,0
DA:97,0
DA:98,0
DA:99,0
DA:104,0
DA:105,0
DA:106,0
DA:113,0
DA:117,0
DA:119,0
DA:120,0
DA:123,0
DA:127,0
DA:131,0
DA:135,0
DA:139,0
DA:143,0
DA:147,0
DA:151,0
DA:157,0
LF:36
LH:7
BRDA:13,0,0,0
BRDA:13,0,1,0
BRDA:82,1,0,0
BRDA:82,1,1,0
BRDA:82,2,0,0
BRDA:82,2,1,0
BRDA:97,3,0,0
BRDA:97,3,1,0
BRDA:97,4,0,0
BRDA:97,4,1,0
BRDA:104,5,0,0
BRDA:104,5,1,0
BRDA:104,6,0,0
BRDA:104,6,1,0
BRDA:119,7,0,0
BRDA:119,7,1,0
BRF:16
BRH:0
end_of_record
TN:
SF:lib/model/db/user.js
FN:18,(anonymous_0)
FN:71,(anonymous_1)
FN:80,(anonymous_2)
FN:111,get_instance_methods
FN:115,(anonymous_4)
FN:123,(anonymous_5)
FN:130,(anonymous_6)
FN:137,(anonymous_7)
FN:141,(anonymous_8)
FN:148,(anonymous_9)
FN:157,(anonymous_10)
FN:167,(anonymous_11)
FN:176,(anonymous_12)
FN:180,(anonymous_13)
FN:190,(anonymous_14)
FN:196,(anonymous_15)
FN:208,(anonymous_16)
FN:212,(anonymous_17)
FN:221,(anonymous_18)
FN:225,(anonymous_19)
FN:228,(anonymous_20)
FN:233,(anonymous_21)
FN:233,(anonymous_22)
FN:234,(anonymous_23)
FN:251,(anonymous_24)
FN:256,(anonymous_25)
FN:257,(anonymous_26)
FN:263,(anonymous_27)
FN:270,(anonymous_28)
FN:277,(anonymous_29)
FN:294,(anonymous_30)
FN:300,(anonymous_31)
FN:314,(anonymous_32)
FN:324,(anonymous_33)
FN:331,(anonymous_34)
FN:334,(anonymous_35)
FN:339,(anonymous_36)
FN:345,(anonymous_37)
FN:354,(anonymous_38)
FN:380,(anonymous_39)
FN:396,(anonymous_40)
FN:402,(anonymous_41)
FN:409,(anonymous_42)
FN:411,(anonymous_43)
FN:416,(anonymous_44)
FN:424,get_class_methods
FN:432,(anonymous_46)
FN:443,(anonymous_47)
FN:449,(anonymous_48)
FN:459,(anonymous_49)
FN:472,(anonymous_50)
FN:479,(anonymous_51)
FN:496,(anonymous_52)
FN:518,(anonymous_53)
FN:527,(anonymous_54)
FN:537,(anonymous_55)
FN:540,(anonymous_56)
FN:547,(anonymous_57)
FN:552,(anonymous_58)
FN:568,withAssociations
FN:570,(anonymous_60)
FN:595,withScopes
FN:597,(anonymous_62)
FN:601,(anonymous_63)
FN:608,(anonymous_64)
FN:618,(anonymous_65)
FNF:66
FNH:0
FNDA:0,(anonymous_0)
FNDA:0,(anonymous_1)
FNDA:0,(anonymous_2)
FNDA:0,get_instance_methods
FNDA:0,(anonymous_4)
FNDA:0,(anonymous_5)
FNDA:0,(anonymous_6)
FNDA:0,(anonymous_7)
FNDA:0,(anonymous_8)
FNDA:0,(anonymous_9)
FNDA:0,(anonymous_10)
FNDA:0,(anonymous_11)
FNDA:0,(anonymous_12)
FNDA:0,(anonymous_13)
FNDA:0,(anonymous_14)
FNDA:0,(anonymous_15)
FNDA:0,(anonymous_16)
FNDA:0,(anonymous_17)
FNDA:0,(anonymous_18)
FNDA:0,(anonymous_19)
FNDA:0,(anonymous_20)
FNDA:0,(anonymous_21)
FNDA:0,(anonymous_22)
FNDA:0,(anonymous_23)
FNDA:0,(anonymous_24)
FNDA:0,(anonymous_25)
FNDA:0,(anonymous_26)
FNDA:0,(anonymous_27)
FNDA:0,(anonymous_28)
FNDA:0,(anonymous_29)
FNDA:0,(anonymous_30)
FNDA:0,(anonymous_31)
FNDA:0,(anonymous_32)
FNDA:0,(anonymous_33)
FNDA:0,(anonymous_34)
FNDA:0,(anonymous_35)
FNDA:0,(anonymous_36)
FNDA:0,(anonymous_37)
FNDA:0,(anonymous_38)
FNDA:0,(anonymous_39)
FNDA:0,(anonymous_40)
FNDA:0,(anonymous_41)
FNDA:0,(anonymous_42)
FNDA:0,(anonymous_43)
FNDA:0,(anonymous_44)
FNDA:0,get_class_methods
FNDA:0,(anonymous_46)
FNDA:0,(anonymous_47)
FNDA:0,(anonymous_48)
FNDA:0,(anonymous_49)
FNDA:0,(anonymous_50)
FNDA:0,(anonymous_51)
FNDA:0,(anonymous_52)
FNDA:0,(anonymous_53)
FNDA:0,(anonymous_54)
FNDA:0,(anonymous_55)
FNDA:0,(anonymous_56)
FNDA:0,(anonymous_57)
FNDA:0,(anonymous_58)
FNDA:0,withAssociations
FNDA:0,(anonymous_60)
FNDA:0,withScopes
FNDA:0,(anonymous_62)
FNDA:0,(anonymous_63)
FNDA:0,(anonymous_64)
FNDA:0,(anonymous_65)
DA:4,0
DA:5,0
DA:6,0
DA:7,0
DA:8,0
DA:10,0
DA:11,0
DA:14,0
DA:15,0
DA:18,0
DA:20,0
DA:22,0
DA:23,0
DA:25,0
DA:27,0
DA:28,0
DA:30,0
DA:72,0
DA:81,0
DA:82,0
DA:83,0
DA:86,0
DA:103,0
DA:113,0
DA:116,0
DA:124,0
DA:125,0
DA:127,0
DA:131,0
DA:138,0
DA:142,0
DA:149,0
DA:158,0
DA:161,0
DA:163,0
DA:168,0
DA:175,0
DA:177,0
DA:180,0
DA:185,0
DA:188,0
DA:190,0
DA:194,0
DA:196,0
DA:199,0
DA:209,0
DA:212,0
DA:222,0
DA:225,0
DA:229,0
DA:231,0
DA:233,0
DA:236,0
DA:237,0
DA:240,0
DA:252,0
DA:254,0
DA:257,0
DA:264,0
DA:266,0
DA:267,0
DA:271,0
DA:273,0
DA:278,0
DA:279,0
DA:286,0
DA:295,0
DA:296,0
DA:301,0
DA:302,0
DA:309,0
DA:315,0
DA:318,0
DA:319,0
DA:323,0
DA:325,0
DA:326,0
DA:329,0
DA:333,0
DA:334,0
DA:340,0
DA:346,0
DA:348,0
DA:357,0
DA:363,0
DA:369,0
DA:377,0
DA:381,0
DA:383,0
DA:384,0
DA:387,0
DA:399,0
DA:400,0
DA:402,0
DA:407,0
DA:408,0
DA:409,0
DA:411,0
DA:415,0
DA:416,0
DA:425,0
DA:433,0
DA:444,0
DA:445,0
DA:446,0
DA:448,0
DA:450,0
DA:451,0
DA:453,0
DA:463,0
DA:464,0
DA:465,0
DA:466,0
DA:469,0
DA:473,0
DA:484,0
DA:488,0
DA:489,0
DA:490,0
DA:492,0
DA:493,0
DA:495,0
DA:497,0
DA:498,0
DA:499,0
DA:500,0
DA:503,0
DA:504,0
DA:505,0
DA:506,0
DA:509,0
DA:520,0
DA:521,0
DA:523,0
DA:529,0
DA:531,0
DA:533,0
DA:538,0
DA:540,0
DA:541,0
DA:542,0
DA:548,0
DA:553,0
DA:570,0
DA:572,0
DA:575,0
DA:579,0
DA:583,0
DA:587,0
DA:597,0
DA:599,0
DA:602,0
DA:606,0
DA:608,0
DA:616,0
DA:618,0
LF:156
LH:0
BRDA:82,0,0,0
BRDA:82,0,1,0
BRDA:124,1,0,0
BRDA:124,1,1,0
BRDA:149,2,0,0
BRDA:149,2,1,0
BRDA:161,3,0,0
BRDA:161,3,1,0
BRDA:236,4,0,0
BRDA:236,4,1,0
BRDA:264,5,0,0
BRDA:264,5,1,0
BRDA:301,6,0,0
BRDA:301,6,1,0
BRDA:318,7,0,0
BRDA:318,7,1,0
BRDA:325,8,0,0
BRDA:325,8,1,0
BRDA:357,9,0,0
BRDA:357,9,1,0
BRDA:357,10,0,0
BRDA:357,10,1,0
BRDA:357,10,2,0
BRDA:357,10,3,0
BRDA:357,10,4,0
BRDA:383,11,0,0
BRDA:383,11,1,0
BRDA:399,12,0,0
BRDA:399,12,1,0
BRDA:407,13,0,0
BRDA:407,13,1,0
BRDA:437,14,0,0
BRDA:437,14,1,0
BRDA:450,15,0,0
BRDA:450,15,1,0
BRDA:450,16,0,0
BRDA:450,16,1,0
BRDA:497,17,0,0
BRDA:497,17,1,0
BRDA:503,18,0,0
BRDA:503,18,1,0
BRF:41
BRH:0
end_of_record
TN:
SF:lib/model/db/user_allowance_adjustment.js
FN:6,(anonymous_0)
FN:39,(anonymous_1)
FNF:2
FNH:1
FNDA:11,(anonymous_0)
FNDA:0,(anonymous_1)
DA:4,1
DA:6,1
DA:7,11
DA:40,0
DA:49,0
LF:5
LH:3
BRF:0
BRH:0
end_of_record
TN:
SF:lib/model/db/user_feed.js
FN:6,(anonymous_0)
FN:26,(anonymous_1)
FN:30,(anonymous_2)
FN:37,(anonymous_3)
FN:55,(anonymous_4)
FN:59,(anonymous_5)
FNF:6
FNH:1
FNDA:8,(anonymous_0)
FNDA:0,(anonymous_1)
FNDA:0,(anonymous_2)
FNDA:0,(anonymous_3)
FNDA:0,(anonymous_4)
FNDA:0,(anonymous_5)
DA:4,1
DA:6,1
DA:7,8
DA:27,0
DA:31,0
DA:32,0
DA:33,0
DA:35,0
DA:38,0
DA:39,0
DA:40,0
DA:42,0
DA:56,0
DA:60,0
DA:65,0
LF:15
LH:3
BRDA:38,0,0,0
BRDA:38,0,1,0
BRDA:60,1,0,0
BRDA:60,1,1,0
BRF:4
BRH:0
end_of_record
TN:
SF:lib/model/leave/index.js
FN:23,createNewLeave
FN:56,(anonymous_1)
FN:57,(anonymous_2)
FN:58,(anonymous_3)
FN:80,(anonymous_4)
FN:86,(anonymous_5)
FN:88,(anonymous_6)
FN:88,(anonymous_7)
FN:89,(anonymous_8)
FN:92,(anonymous_9)
FNF:10
FNH:0
FNDA:0,createNewLeave
FNDA:0,(anonymous_1)
FNDA:0,(anonymous_2)
FNDA:0,(anonymous_3)
FNDA:0,(anonymous_4)
FNDA:0,(anonymous_5)
FNDA:0,(anonymous_6)
FNDA:0,(anonymous_7)
FNDA:0,(anonymous_8)
FNDA:0,(anonymous_9)
DA:5,0
DA:6,0
DA:7,0
DA:8,0
DA:9,0
DA:10,0
DA:13,0
DA:25,0
DA:32,0
DA:33,0
DA:34,0
DA:37,0
DA:38,0
DA:41,0
DA:42,0
DA:49,0
DA:50,0
DA:54,0
DA:56,0
DA:57,0
DA:60,0
DA:66,0
DA:80,0
DA:86,0
DA:88,0
DA:89,0
DA:92,0
DA:93,0
DA:96,0
LF:29
LH:0
BRDA:41,0,0,0
BRDA:41,0,1,0
BRDA:60,1,0,0
BRDA:60,1,1,0
BRDA:93,2,0,0
BRDA:93,2,1,0
BRF:6
BRH:0
end_of_record
TN:
SF:lib/model/mixin/user/absence_aware.js
FN:17,(anonymous_0)
FN:19,(anonymous_1)
FN:26,(anonymous_2)
FN:31,(anonymous_3)
FN:37,(anonymous_4)
FN:53,(anonymous_5)
FN:55,(anonymous_6)
FN:59,(anonymous_7)
FN:88,(anonymous_8)
FN:90,(anonymous_9)
FN:91,(anonymous_10)
FN:92,(anonymous_11)
FN:99,(anonymous_12)
FN:121,(anonymous_13)
FN:146,(anonymous_14)
FN:173,(anonymous_15)
FN:225,(anonymous_16)
FN:227,(anonymous_17)
FN:231,(anonymous_18)
FN:233,(anonymous_19)
FN:243,(anonymous_20)
FN:249,(anonymous_21)
FN:260,(anonymous_22)
FN:264,(anonymous_23)
FN:274,(anonymous_24)
FN:280,(anonymous_25)
FN:285,(anonymous_26)
FN:310,(anonymous_27)
FN:314,(anonymous_28)
FN:317,(anonymous_29)
FN:320,(anonymous_30)
FN:321,(anonymous_31)
FN:325,(anonymous_32)
FN:332,(anonymous_33)
FN:333,(anonymous_34)
FN:338,(anonymous_35)
FN:339,(anonymous_36)
FN:344,(anonymous_37)
FN:350,(anonymous_38)
FN:356,(anonymous_39)
FN:364,(anonymous_40)
FN:366,(anonymous_41)
FN:368,(anonymous_42)
FN:377,(anonymous_43)
FN:384,(anonymous_44)
FN:398,(anonymous_45)
FN:401,(anonymous_46)
FN:413,(anonymous_47)
FN:429,(anonymous_48)
FN:433,(anonymous_49)
FN:443,(anonymous_50)
FN:460,(anonymous_51)
FN:465,(anonymous_52)
FN:468,(anonymous_53)
FN:473,(anonymous_54)
FN:476,(anonymous_55)
FN:491,(anonymous_56)
FN:503,(anonymous_57)
FN:518,(anonymous_58)
FN:531,(anonymous_59)
FN:566,(anonymous_60)
FN:577,(anonymous_61)
FN:578,(anonymous_62)
FN:579,(anonymous_63)
FN:581,(anonymous_64)
FN:583,(anonymous_65)
FN:585,(anonymous_66)
FN:611,(anonymous_67)
FNF:68
FNH:0
FNDA:0,(anonymous_0)
FNDA:0,(anonymous_1)
FNDA:0,(anonymous_2)
FNDA:0,(anonymous_3)
FNDA:0,(anonymous_4)
FNDA:0,(anonymous_5)
FNDA:0,(anonymous_6)
FNDA:0,(anonymous_7)
FNDA:0,(anonymous_8)
FNDA:0,(anonymous_9)
FNDA:0,(anonymous_10)
FNDA:0,(anonymous_11)
FNDA:0,(anonymous_12)
FNDA:0,(anonymous_13)
FNDA:0,(anonymous_14)
FNDA:0,(anonymous_15)
FNDA:0,(anonymous_16)
FNDA:0,(anonymous_17)
FNDA:0,(anonymous_18)
FNDA:0,(anonymous_19)
FNDA:0,(anonymous_20)
FNDA:0,(anonymous_21)
FNDA:0,(anonymous_22)
FNDA:0,(anonymous_23)
FNDA:0,(anonymous_24)
FNDA:0,(anonymous_25)
FNDA:0,(anonymous_26)
FNDA:0,(anonymous_27)
FNDA:0,(anonymous_28)
FNDA:0,(anonymous_29)
FNDA:0,(anonymous_30)
FNDA:0,(anonymous_31)
FNDA:0,(anonymous_32)
FNDA:0,(anonymous_33)
FNDA:0,(anonymous_34)
FNDA:0,(anonymous_35)
FNDA:0,(anonymous_36)
FNDA:0,(anonymous_37)
FNDA:0,(anonymous_38)
FNDA:0,(anonymous_39)
FNDA:0,(anonymous_40)
FNDA:0,(anonymous_41)
FNDA:0,(anonymous_42)
FNDA:0,(anonymous_43)
FNDA:0,(anonymous_44)
FNDA:0,(anonymous_45)
FNDA:0,(anonymous_46)
FNDA:0,(anonymous_47)
FNDA:0,(anonymous_48)
FNDA:0,(anonymous_49)
FNDA:0,(anonymous_50)
FNDA:0,(anonymous_51)
FNDA:0,(anonymous_52)
FNDA:0,(anonymous_53)
FNDA:0,(anonymous_54)
FNDA:0,(anonymous_55)
FNDA:0,(anonymous_56)
FNDA:0,(anonymous_57)
FNDA:0,(anonymous_58)
FNDA:0,(anonymous_59)
FNDA:0,(anonymous_60)
FNDA:0,(anonymous_61)
FNDA:0,(anonymous_62)
FNDA:0,(anonymous_63)
FNDA:0,(anonymous_64)
FNDA:0,(anonymous_65)
FNDA:0,(anonymous_66)
FNDA:0,(anonymous_67)
DA:11,0
DA:12,0
DA:13,0
DA:14,0
DA:15,0
DA:17,0
DA:19,0
DA:21,0
DA:22,0
DA:23,0
DA:25,0
DA:26,0
DA:27,0
DA:31,0
DA:32,0
DA:37,0
DA:39,0
DA:40,0
DA:41,0
DA:42,0
DA:44,0
DA:46,0
DA:51,0
DA:53,0
DA:55,0
DA:60,0
DA:88,0
DA:91,0
DA:92,0
DA:93,0
DA:94,0
DA:98,0
DA:100,0
DA:121,0
DA:122,0
DA:124,0
DA:132,0
DA:149,0
DA:150,0
DA:153,0
DA:155,0
DA:158,0
DA:162,0
DA:163,0
DA:164,0
DA:173,0
DA:175,0
DA:176,0
DA:179,0
DA:181,0
DA:182,0
DA:185,0
DA:186,0
DA:202,0
DA:227,0
DA:229,0
DA:232,0
DA:234,0
DA:235,0
DA:243,0
DA:245,0
DA:249,0
DA:250,0
DA:252,0
DA:260,0
DA:264,0
DA:266,0
DA:274,0
DA:280,0
DA:281,0
DA:283,0
DA:286,0
DA:310,0
DA:314,0
DA:317,0
DA:320,0
DA:321,0
DA:325,0
DA:326,0
DA:328,0
DA:333,0
DA:334,0
DA:338,0
DA:339,0
DA:344,0
DA:345,0
DA:346,0
DA:347,0
DA:350,0
DA:353,0
DA:354,0
DA:356,0
DA:360,0
DA:364,0
DA:366,0
DA:368,0
DA:377,0
DA:379,0
DA:381,0
DA:382,0
DA:384,0
DA:385,0
DA:389,0
DA:390,0
DA:392,0
DA:396,0
DA:398,0
DA:403,0
DA:405,0
DA:411,0
DA:414,0
DA:418,0
DA:425,0
DA:426,0
DA:429,0
DA:434,0
DA:436,0
DA:437,0
DA:439,0
DA:446,0
DA:451,0
DA:452,0
DA:453,0
DA:456,0
DA:460,0
DA:461,0
DA:463,0
DA:465,0
DA:468,0
DA:469,0
DA:471,0
DA:473,0
DA:476,0
DA:478,0
DA:479,0
DA:480,0
DA:483,0
DA:493,0
DA:494,0
DA:497,0
DA:499,0
DA:503,0
DA:505,0
DA:506,0
DA:507,0
DA:510,0
DA:520,0
DA:521,0
DA:524,0
DA:526,0
DA:531,0
DA:532,0
DA:534,0
DA:566,0
DA:567,0
DA:568,0
DA:569,0
DA:571,0
DA:574,0
DA:577,0
DA:578,0
DA:579,0
DA:582,0
DA:583,0
DA:586,0
DA:587,0
DA:589,0
DA:597,0
DA:601,0
DA:602,0
DA:603,0
DA:606,0
DA:612,0
DA:620,0
DA:633,0
DA:635,0
DA:640,0
DA:641,0
DA:645,0
LF:179
LH:0
BRDA:25,0,0,0
BRDA:25,0,1,0
BRDA:40,1,0,0
BRDA:40,1,1,0
BRDA:41,2,0,0
BRDA:41,2,1,0
BRDA:71,3,0,0
BRDA:71,3,1,0
BRDA:79,4,0,0
BRDA:79,4,1,0
BRDA:104,5,0,0
BRDA:104,5,1,0
BRDA:149,6,0,0
BRDA:149,6,1,0
BRDA:155,7,0,0
BRDA:155,7,1,0
BRDA:179,8,0,0
BRDA:179,8,1,0
BRDA:181,9,0,0
BRDA:181,9,1,0
BRDA:181,10,0,0
BRDA:181,10,1,0
BRDA:185,11,0,0
BRDA:185,11,1,0
BRDA:185,12,0,0
BRDA:185,12,1,0
BRDA:250,13,0,0
BRDA:250,13,1,0
BRDA:346,14,0,0
BRDA:346,14,1,0
BRDA:347,15,0,0
BRDA:347,15,1,0
BRDA:353,16,0,0
BRDA:353,16,1,0
BRDA:360,17,0,0
BRDA:360,17,1,0
BRDA:379,18,0,0
BRDA:379,18,1,0
BRDA:382,19,0,0
BRDA:382,19,1,0
BRDA:389,20,0,0
BRDA:389,20,1,0
BRDA:389,21,0,0
BRDA:389,21,1,0
BRDA:425,22,0,0
BRDA:425,22,1,0
BRDA:436,23,0,0
BRDA:436,23,1,0
BRDA:451,24,0,0
BRDA:451,24,1,0
BRDA:479,25,0,0
BRDA:479,25,1,0
BRDA:493,26,0,0
BRDA:493,26,1,0
BRDA:506,27,0,0
BRDA:506,27,1,0
BRDA:520,28,0,0
BRDA:520,28,1,0
BRDA:532,29,0,0
BRDA:532,29,1,0
BRDA:571,30,0,0
BRDA:571,30,1,0
BRDA:597,31,0,0
BRDA:597,31,1,0
BRDA:612,32,0,0
BRDA:612,32,1,0
BRDA:614,33,0,0
BRDA:614,33,1,0
BRDA:633,34,0,0
BRDA:633,34,1,0
BRF:70
BRH:0
end_of_record
TN:
SF:lib/model/mixin/user/company_aware.js
FN:17,(anonymous_0)
FN:28,(anonymous_1)
FN:102,(anonymous_2)
FN:116,(anonymous_3)
FN:133,(anonymous_4)
FNF:5
FNH:0
FNDA:0,(anonymous_0)
FNDA:0,(anonymous_1)
FNDA:0,(anonymous_2)
FNDA:0,(anonymous_3)
FNDA:0,(anonymous_4)
DA:14,0
DA:15,0
DA:17,0
DA:28,0
DA:29,0
DA:30,0
DA:31,0
DA:33,0
DA:104,0
DA:105,0
DA:111,0
DA:116,0
DA:117,0
DA:119,0
DA:133,0
DA:134,0
LF:16
LH:0
BRDA:30,0,0,0
BRDA:30,0,1,0
BRDA:104,1,0,0
BRDA:104,1,1,0
BRDA:104,2,0,0
BRDA:104,2,1,0
BRF:6
BRH:0
end_of_record
TN:
SF:lib/passport/getCompanyAdminByToken.js
FN:8,(anonymous_0)
FN:19,(anonymous_1)
FN:27,(anonymous_2)
FNF:3
FNH:0
FNDA:0,(anonymous_0)
FNDA:0,(anonymous_1)
FNDA:0,(anonymous_2)
DA:5,0
DA:6,0
DA:8,0
DA:10,0
DA:11,0
DA:17,0
DA:19,0
DA:20,0
DA:21,0
DA:27,0
DA:29,0
DA:30,0
DA:36,0
DA:39,0
LF:14
LH:0
BRDA:10,0,0,0
BRDA:10,0,1,0
BRDA:20,1,0,0
BRDA:20,1,1,0
BRDA:29,2,0,0
BRDA:29,2,1,0
BRF:6
BRH:0
end_of_record
TN:
SF:lib/passport/index.js
FN:22,prepare_user_for_session
FN:27,(anonymous_1)
FN:30,(anonymous_2)
FN:40,authenticate_user
FN:52,(anonymous_4)
FN:54,(anonymous_5)
FN:67,(anonymous_6)
FN:91,strategy_handler
FN:98,(anonymous_8)
FN:113,(anonymous_9)
FN:127,(anonymous_10)
FN:137,(anonymous_11)
FN:141,(anonymous_12)
FN:143,(anonymous_13)
FN:144,(anonymous_14)
FN:145,(anonymous_15)
FN:154,(anonymous_16)
FN:161,(anonymous_17)
FN:163,(anonymous_18)
FN:166,(anonymous_19)
FN:169,(anonymous_20)
FNF:21
FNH:0
FNDA:0,prepare_user_for_session
FNDA:0,(anonymous_1)
FNDA:0,(anonymous_2)
FNDA:0,authenticate_user
FNDA:0,(anonymous_4)
FNDA:0,(anonymous_5)
FNDA:0,(anonymous_6)
FNDA:0,strategy_handler
FNDA:0,(anonymous_8)
FNDA:0,(anonymous_9)
FNDA:0,(anonymous_10)
FNDA:0,(anonymous_11)
FNDA:0,(anonymous_12)
FNDA:0,(anonymous_13)
FNDA:0,(anonymous_14)
FNDA:0,(anonymous_15)
FNDA:0,(anonymous_16)
FNDA:0,(anonymous_17)
FNDA:0,(anonymous_18)
FNDA:0,(anonymous_19)
FNDA:0,(anonymous_20)
DA:13,0
DA:14,0
DA:15,0
DA:16,0
DA:17,0
DA:18,0
DA:23,0
DA:24,0
DA:26,0
DA:28,0
DA:31,0
DA:42,0
DA:43,0
DA:44,0
DA:45,0
DA:48,0
DA:51,0
DA:54,0
DA:55,0
DA:56,0
DA:57,0
DA:59,0
DA:65,0
DA:68,0
DA:70,0
DA:74,0
DA:76,0
DA:83,0
DA:87,0
DA:94,0
DA:96,0
DA:101,0
DA:102,0
DA:108,0
DA:112,0
DA:116,0
DA:118,0
DA:128,0
DA:133,0
DA:137,0
DA:139,0
DA:141,0
DA:142,0
DA:143,0
DA:144,0
DA:146,0
DA:147,0
DA:154,0
DA:155,0
DA:161,0
DA:163,0
DA:164,0
DA:167,0
DA:170,0
DA:172,0
DA:176,0
LF:56
LH:0
BRDA:48,0,0,0
BRDA:48,0,1,0
BRDA:55,1,0,0
BRDA:55,1,1,0
BRDA:74,2,0,0
BRDA:74,2,1,0
BRDA:101,3,0,0
BRDA:101,3,1,0
BRF:8
BRH:0
end_of_record
TN:
SF:lib/route/audit.js
FN:15,(anonymous_0)
FN:76,(anonymous_1)
FNF:2
FNH:0
FNDA:0,(anonymous_0)
FNDA:0,(anonymous_1)
DA:4,0
DA:5,0
DA:6,0
DA:7,0
DA:8,0
DA:9,0
DA:10,0
DA:13,0
DA:15,0
DA:17,0
DA:18,0
DA:19,0
DA:20,0
DA:21,0
DA:22,0
DA:26,0
DA:28,0
DA:31,0
DA:32,0
DA:33,0
DA:38,0
DA:40,0
DA:41,0
DA:42,0
DA:45,0
DA:46,0
DA:49,0
DA:64,0
DA:73,0
DA:78,0
DA:82,0
DA:83,0
DA:86,0
DA:87,0
DA:90,0
DA:107,0
LF:36
LH:0
BRDA:20,0,0,0
BRDA:20,0,1,0
BRDA:28,1,0,0
BRDA:28,1,1,0
BRDA:31,2,0,0
BRDA:31,2,1,0
BRDA:32,3,0,0
BRDA:32,3,1,0
BRDA:38,4,0,0
BRDA:38,4,1,0
BRDA:40,5,0,0
BRDA:40,5,1,0
BRDA:41,6,0,0
BRDA:41,6,1,0
BRDA:45,7,0,0
BRDA:45,7,1,0
BRDA:82,8,0,0
BRDA:82,8,1,0
BRDA:86,9,0,0
BRDA:86,9,1,0
BRF:20
BRH:0
end_of_record
TN:
SF:lib/route/bankHolidays.js
FN:15,(anonymous_0)
FN:24,(anonymous_1)
FN:35,(anonymous_2)
FN:37,(anonymous_3)
FN:39,(anonymous_4)
FN:40,(anonymous_5)
FN:44,(anonymous_6)
FN:49,(anonymous_7)
FN:63,(anonymous_8)
FN:82,(anonymous_9)
FN:89,(anonymous_10)
FN:92,(anonymous_11)
FN:110,(anonymous_12)
FN:115,(anonymous_13)
FN:120,(anonymous_14)
FN:125,(anonymous_15)
FN:131,(anonymous_16)
FN:134,(anonymous_17)
FN:138,(anonymous_18)
FN:150,(anonymous_19)
FN:152,(anonymous_20)
FN:155,(anonymous_21)
FN:160,(anonymous_22)
FN:165,(anonymous_23)
FN:172,(anonymous_24)
FN:187,(anonymous_25)
FN:192,(anonymous_26)
FN:205,(anonymous_27)
FN:206,(anonymous_28)
FN:220,(anonymous_29)
FN:226,(anonymous_30)
FNF:31
FNH:0
FNDA:0,(anonymous_0)
FNDA:0,(anonymous_1)
FNDA:0,(anonymous_2)
FNDA:0,(anonymous_3)
FNDA:0,(anonymous_4)
FNDA:0,(anonymous_5)
FNDA:0,(anonymous_6)
FNDA:0,(anonymous_7)
FNDA:0,(anonymous_8)
FNDA:0,(anonymous_9)
FNDA:0,(anonymous_10)
FNDA:0,(anonymous_11)
FNDA:0,(anonymous_12)
FNDA:0,(anonymous_13)
FNDA:0,(anonymous_14)
FNDA:0,(anonymous_15)
FNDA:0,(anonymous_16)
FNDA:0,(anonymous_17)
FNDA:0,(anonymous_18)
FNDA:0,(anonymous_19)
FNDA:0,(anonymous_20)
FNDA:0,(anonymous_21)
FNDA:0,(anonymous_22)
FNDA:0,(anonymous_23)
FNDA:0,(anonymous_24)
FNDA:0,(anonymous_25)
FNDA:0,(anonymous_26)
FNDA:0,(anonymous_27)
FNDA:0,(anonymous_28)
FNDA:0,(anonymous_29)
FNDA:0,(anonymous_30)
DA:4,0
DA:5,0
DA:6,0
DA:7,0
DA:8,0
DA:9,0
DA:10,0
DA:13,0
DA:15,0
DA:16,0
DA:17,0
DA:24,0
DA:26,0
DA:30,0
DA:32,0
DA:36,0
DA:37,0
DA:38,0
DA:39,0
DA:40,0
DA:44,0
DA:49,0
DA:51,0
DA:63,0
DA:65,0
DA:66,0
DA:69,0
DA:75,0
DA:76,0
DA:79,0
DA:82,0
DA:83,0
DA:84,0
DA:86,0
DA:90,0
DA:93,0
DA:102,0
DA:103,0
DA:106,0
DA:111,0
DA:112,0
DA:116,0
DA:118,0
DA:121,0
DA:125,0
DA:126,0
DA:127,0
DA:128,0
DA:130,0
DA:131,0
DA:137,0
DA:138,0
DA:139,0
DA:144,0
DA:147,0
DA:150,0
DA:152,0
DA:155,0
DA:158,0
DA:162,0
DA:163,0
DA:165,0
DA:169,0
DA:174,0
DA:177,0
DA:179,0
DA:180,0
DA:183,0
DA:188,0
DA:192,0
DA:193,0
DA:194,0
DA:196,0
DA:197,0
DA:198,0
DA:199,0
DA:202,0
DA:206,0
DA:209,0
DA:210,0
DA:213,0
DA:215,0
DA:218,0
DA:221,0
DA:222,0
DA:226,0
DA:229,0
DA:230,0
DA:233,0
DA:234,0
DA:242,0
DA:244,0
DA:245,0
DA:248,0
DA:251,0
LF:95
LH:0
BRDA:16,0,0,0
BRDA:16,0,1,0
BRDA:18,1,0,0
BRDA:18,1,1,0
BRDA:65,2,0,0
BRDA:65,2,1,0
BRDA:75,3,0,0
BRDA:75,3,1,0
BRDA:102,4,0,0
BRDA:102,4,1,0
BRDA:111,5,0,0
BRDA:111,5,1,0
BRDA:144,6,0,0
BRDA:144,6,1,0
BRDA:162,7,0,0
BRDA:162,7,1,0
BRDA:162,8,0,0
BRDA:162,8,1,0
BRDA:179,9,0,0
BRDA:179,9,1,0
BRDA:179,10,0,0
BRDA:179,10,1,0
BRDA:196,11,0,0
BRDA:196,11,1,0
BRDA:209,12,0,0
BRDA:209,12,1,0
BRDA:233,13,0,0
BRDA:233,13,1,0
BRDA:233,14,0,0
BRDA:233,14,1,0
BRDA:244,15,0,0
BRDA:244,15,1,0
BRF:32
BRH:0
end_of_record
TN:
SF:lib/route/calendar.js
FN:15,(anonymous_0)
FN:20,(anonymous_1)
FN:21,(anonymous_2)
FN:52,(anonymous_3)
FN:53,(anonymous_4)
FN:54,(anonymous_5)
FN:64,(anonymous_6)
FN:83,(anonymous_7)
FN:100,(anonymous_8)
FN:105,(anonymous_9)
FN:114,(anonymous_10)
FN:124,(anonymous_11)
FN:148,(anonymous_12)
FN:155,(anonymous_13)
FN:159,(anonymous_14)
FN:170,(anonymous_15)
FN:184,(anonymous_16)
FN:187,(anonymous_17)
FN:192,(anonymous_18)
FN:204,(anonymous_19)
FN:209,(anonymous_20)
FN:222,(anonymous_21)
FN:229,promise_feed_of_type
FNF:23
FNH:0
FNDA:0,(anonymous_0)
FNDA:0,(anonymous_1)
FNDA:0,(anonymous_2)
FNDA:0,(anonymous_3)
FNDA:0,(anonymous_4)
FNDA:0,(anonymous_5)
FNDA:0,(anonymous_6)
FNDA:0,(anonymous_7)
FNDA:0,(anonymous_8)
FNDA:0,(anonymous_9)
FNDA:0,(anonymous_10)
FNDA:0,(anonymous_11)
FNDA:0,(anonymous_12)
FNDA:0,(anonymous_13)
FNDA:0,(anonymous_14)
FNDA:0,(anonymous_15)
FNDA:0,(anonymous_16)
FNDA:0,(anonymous_17)
FNDA:0,(anonymous_18)
FNDA:0,(anonymous_19)
FNDA:0,(anonymous_20)
FNDA:0,(anonymous_21)
FNDA:0,promise_feed_of_type
DA:4,0
DA:5,0
DA:6,0
DA:7,0
DA:8,0
DA:9,0
DA:10,0
DA:11,0
DA:12,0
DA:13,0
DA:15,0
DA:17,0
DA:20,0
DA:24,0
DA:25,0
DA:27,0
DA:28,0
DA:29,0
DA:32,0
DA:33,0
DA:34,0
DA:37,0
DA:38,0
DA:42,0
DA:45,0
DA:52,0
DA:53,0
DA:56,0
DA:57,0
DA:65,0
DA:70,0
DA:71,0
DA:72,0
DA:74,0
DA:83,0
DA:85,0
DA:89,0
DA:91,0
DA:102,0
DA:104,0
DA:105,0
DA:114,0
DA:124,0
DA:126,0
DA:127,0
DA:130,0
DA:134,0
DA:139,0
DA:143,0
DA:150,0
DA:155,0
DA:159,0
DA:171,0
DA:175,0
DA:176,0
DA:177,0
DA:179,0
DA:184,0
DA:185,0
DA:189,0
DA:193,0
DA:204,0
DA:205,0
DA:207,0
DA:210,0
DA:212,0
DA:214,0
DA:220,0
DA:223,0
DA:224,0
DA:230,0
DA:231,0
DA:232,0
DA:233,0
DA:236,0
DA:237,0
DA:242,0
DA:245,0
DA:248,0
LF:79
LH:0
BRDA:24,0,0,0
BRDA:24,0,1,0
BRDA:27,1,0,0
BRDA:27,1,1,0
BRDA:32,2,0,0
BRDA:32,2,1,0
BRDA:37,3,0,0
BRDA:37,3,1,0
BRDA:58,4,0,0
BRDA:58,4,1,0
BRDA:71,5,0,0
BRDA:71,5,1,0
BRDA:75,6,0,0
BRDA:75,6,1,0
BRDA:85,7,0,0
BRDA:85,7,1,0
BRDA:126,8,0,0
BRDA:126,8,1,0
BRDA:126,9,0,0
BRDA:126,9,1,0
BRDA:130,10,0,0
BRDA:130,10,1,0
BRDA:139,11,0,0
BRDA:139,11,1,0
BRDA:176,12,0,0
BRDA:176,12,1,0
BRDA:212,13,0,0
BRDA:212,13,1,0
BRDA:236,14,0,0
BRDA:236,14,1,0
BRF:30
BRH:0
end_of_record
TN:
SF:lib/route/dashboard.js
FN:10,(anonymous_0)
FN:26,(anonymous_1)
FN:35,(anonymous_2)
FNF:3
FNH:0
FNDA:0,(anonymous_0)
FNDA:0,(anonymous_1)
FNDA:0,(anonymous_2)
DA:7,0
DA:8,0
DA:10,0
DA:12,0
DA:14,0
DA:17,0
DA:18,0
DA:21,0
DA:26,0
DA:28,0
DA:29,0
DA:32,0
DA:35,0
DA:37,0
DA:41,0
LF:15
LH:0
BRDA:17,0,0,0
BRDA:17,0,1,0
BRDA:28,1,0,0
BRDA:28,1,1,0
BRF:4
BRH:0
end_of_record
TN:
SF:lib/route/departments.js
FN:13,generate_all_department_allowances
FN:26,get_and_validate_department
FN:65,(anonymous_2)
FN:82,(anonymous_3)
FN:93,(anonymous_4)
FN:100,(anonymous_5)
FN:110,(anonymous_6)
FN:117,(anonymous_7)
FN:135,(anonymous_8)
FN:143,(anonymous_9)
FN:157,(anonymous_10)
FN:174,(anonymous_11)
FN:182,(anonymous_12)
FN:208,(anonymous_13)
FN:212,(anonymous_14)
FN:225,promise_to_extract_company_and_department
FN:229,(anonymous_16)
FN:245,(anonymous_17)
FN:259,(anonymous_18)
FN:274,(anonymous_19)
FN:277,(anonymous_20)
FN:280,(anonymous_21)
FN:291,(anonymous_22)
FN:305,(anonymous_23)
FN:314,(anonymous_24)
FN:317,(anonymous_25)
FN:324,(anonymous_26)
FN:331,(anonymous_27)
FN:341,(anonymous_28)
FN:352,(anonymous_29)
FN:358,(anonymous_30)
FN:362,(anonymous_31)
FN:376,promise_to_remove_supervisor
FN:383,(anonymous_33)
FN:395,promise_to_update_supervisors
FN:407,(anonymous_35)
FN:408,(anonymous_36)
FN:417,(anonymous_37)
FN:419,(anonymous_38)
FN:424,promise_to_update_department
FN:445,(anonymous_40)
FN:451,(anonymous_41)
FN:455,(anonymous_42)
FN:462,(anonymous_43)
FN:466,(anonymous_44)
FN:473,(anonymous_45)
FN:474,(anonymous_46)
FN:478,(anonymous_47)
FNF:48
FNH:0
FNDA:0,generate_all_department_allowances
FNDA:0,get_and_validate_department
FNDA:0,(anonymous_2)
FNDA:0,(anonymous_3)
FNDA:0,(anonymous_4)
FNDA:0,(anonymous_5)
FNDA:0,(anonymous_6)
FNDA:0,(anonymous_7)
FNDA:0,(anonymous_8)
FNDA:0,(anonymous_9)
FNDA:0,(anonymous_10)
FNDA:0,(anonymous_11)
FNDA:0,(anonymous_12)
FNDA:0,(anonymous_13)
FNDA:0,(anonymous_14)
FNDA:0,promise_to_extract_company_and_department
FNDA:0,(anonymous_16)
FNDA:0,(anonymous_17)
FNDA:0,(anonymous_18)
FNDA:0,(anonymous_19)
FNDA:0,(anonymous_20)
FNDA:0,(anonymous_21)
FNDA:0,(anonymous_22)
FNDA:0,(anonymous_23)
FNDA:0,(anonymous_24)
FNDA:0,(anonymous_25)
FNDA:0,(anonymous_26)
FNDA:0,(anonymous_27)
FNDA:0,(anonymous_28)
FNDA:0,(anonymous_29)
FNDA:0,(anonymous_30)
FNDA:0,(anonymous_31)
FNDA:0,promise_to_remove_supervisor
FNDA:0,(anonymous_33)
FNDA:0,promise_to_update_supervisors
FNDA:0,(anonymous_35)
FNDA:0,(anonymous_36)
FNDA:0,(anonymous_37)
FNDA:0,(anonymous_38)
FNDA:0,promise_to_update_department
FNDA:0,(anonymous_40)
FNDA:0,(anonymous_41)
FNDA:0,(anonymous_42)
FNDA:0,(anonymous_43)
FNDA:0,(anonymous_44)
FNDA:0,(anonymous_45)
FNDA:0,(anonymous_46)
FNDA:0,(anonymous_47)
DA:4,0
DA:5,0
DA:6,0
DA:7,0
DA:8,0
DA:11,0
DA:15,0
DA:16,0
DA:18,0
DA:19,0
DA:20,0
DA:23,0
DA:27,0
DA:28,0
DA:29,0
DA:31,0
DA:32,0
DA:36,0
DA:37,0
DA:38,0
DA:39,0
DA:42,0
DA:49,0
DA:50,0
DA:53,0
DA:54,0
DA:60,0
DA:61,0
DA:64,0
DA:65,0
DA:68,0
DA:73,0
DA:82,0
DA:85,0
DA:88,0
DA:90,0
DA:94,0
DA:95,0
DA:101,0
DA:110,0
DA:112,0
DA:114,0
DA:119,0
DA:126,0
DA:127,0
DA:130,0
DA:132,0
DA:136,0
DA:137,0
DA:140,0
DA:144,0
DA:149,0
DA:153,0
DA:157,0
DA:159,0
DA:162,0
DA:163,0
DA:167,0
DA:169,0
DA:172,0
DA:175,0
DA:183,0
DA:186,0
DA:188,0
DA:190,0
DA:195,0
DA:196,0
DA:202,0
DA:206,0
DA:209,0
DA:210,0
DA:214,0
DA:218,0
DA:226,0
DA:229,0
DA:231,0
DA:232,0
DA:235,0
DA:236,0
DA:240,0
DA:246,0
DA:248,0
DA:249,0
DA:252,0
DA:260,0
DA:263,0
DA:264,0
DA:267,0
DA:274,0
DA:275,0
DA:277,0
DA:278,0
DA:281,0
DA:282,0
DA:284,0
DA:292,0
DA:297,0
DA:301,0
DA:305,0
DA:307,0
DA:312,0
DA:314,0
DA:315,0
DA:318,0
DA:319,0
DA:321,0
DA:325,0
DA:326,0
DA:332,0
DA:333,0
DA:335,0
DA:336,0
DA:342,0
DA:343,0
DA:347,0
DA:353,0
DA:354,0
DA:359,0
DA:363,0
DA:368,0
DA:372,0
DA:378,0
DA:379,0
DA:380,0
DA:383,0
DA:384,0
DA:387,0
DA:398,0
DA:399,0
DA:400,0
DA:402,0
DA:406,0
DA:407,0
DA:408,0
DA:410,0
DA:412,0
DA:418,0
DA:419,0
DA:426,0
DA:427,0
DA:428,0
DA:430,0
DA:438,0
DA:439,0
DA:442,0
DA:445,0
DA:447,0
DA:451,0
DA:452,0
DA:456,0
DA:457,0
DA:459,0
DA:464,0
DA:466,0
DA:467,0
DA:470,0
DA:473,0
DA:474,0
DA:479,0
DA:484,0
DA:488,0
LF:161
LH:0
BRDA:36,0,0,0
BRDA:36,0,1,0
BRDA:37,1,0,0
BRDA:37,1,1,0
BRDA:38,2,0,0
BRDA:38,2,1,0
BRDA:40,3,0,0
BRDA:40,3,1,0
BRDA:43,4,0,0
BRDA:43,4,1,0
BRDA:49,5,0,0
BRDA:49,5,1,0
BRDA:53,6,0,0
BRDA:53,6,1,0
BRDA:53,7,0,0
BRDA:53,7,1,0
BRDA:60,8,0,0
BRDA:60,8,1,0
BRDA:64,9,0,0
BRDA:64,9,1,0
BRDA:126,10,0,0
BRDA:126,10,1,0
BRDA:136,11,0,0
BRDA:136,11,1,0
BRDA:162,12,0,0
BRDA:162,12,1,0
BRDA:186,13,0,0
BRDA:186,13,1,0
BRDA:195,14,0,0
BRDA:195,14,1,0
BRDA:218,15,0,0
BRDA:218,15,1,0
BRDA:225,16,0,0
BRDA:231,17,0,0
BRDA:231,17,1,0
BRDA:235,18,0,0
BRDA:235,18,1,0
BRDA:248,19,0,0
BRDA:248,19,1,0
BRDA:263,20,0,0
BRDA:263,20,1,0
BRDA:325,21,0,0
BRDA:325,21,1,0
BRDA:335,22,0,0
BRDA:335,22,1,0
BRDA:383,23,0,0
BRDA:383,23,1,0
BRDA:402,24,0,0
BRDA:402,24,1,0
BRDA:438,25,0,0
BRDA:438,25,1,0
BRF:51
BRH:0
end_of_record
TN:
SF:lib/route/feed.js
FN:18,(anonymous_0)
FN:29,(anonymous_1)
FN:44,(anonymous_2)
FN:60,(anonymous_3)
FN:61,(anonymous_4)
FN:63,(anonymous_5)
FN:74,(anonymous_6)
FN:79,(anonymous_7)
FN:82,(anonymous_8)
FN:90,(anonymous_9)
FN:93,(anonymous_10)
FN:94,(anonymous_11)
FN:101,(anonymous_12)
FN:105,(anonymous_13)
FN:107,(anonymous_14)
FN:141,(anonymous_15)
FNF:16
FNH:0
FNDA:0,(anonymous_0)
FNDA:0,(anonymous_1)
FNDA:0,(anonymous_2)
FNDA:0,(anonymous_3)
FNDA:0,(anonymous_4)
FNDA:0,(anonymous_5)
FNDA:0,(anonymous_6)
FNDA:0,(anonymous_7)
FNDA:0,(anonymous_8)
FNDA:0,(anonymous_9)
FNDA:0,(anonymous_10)
FNDA:0,(anonymous_11)
FNDA:0,(anonymous_12)
FNDA:0,(anonymous_13)
FNDA:0,(anonymous_14)
FNDA:0,(anonymous_15)
DA:5,0
DA:6,0
DA:7,0
DA:8,0
DA:9,0
DA:10,0
DA:11,0
DA:12,0
DA:15,0
DA:16,0
DA:18,0
DA:20,0
DA:23,0
DA:24,0
DA:27,0
DA:29,0
DA:46,0
DA:47,0
DA:50,0
DA:52,0
DA:53,0
DA:55,0
DA:61,0
DA:63,0
DA:65,0
DA:69,0
DA:73,0
DA:74,0
DA:76,0
DA:79,0
DA:84,0
DA:89,0
DA:91,0
DA:93,0
DA:94,0
DA:95,0
DA:98,0
DA:101,0
DA:107,0
DA:110,0
DA:111,0
DA:114,0
DA:115,0
DA:116,0
DA:118,0
DA:119,0
DA:120,0
DA:121,0
DA:122,0
DA:123,0
DA:124,0
DA:125,0
DA:126,0
DA:127,0
DA:130,0
DA:139,0
DA:143,0
DA:146,0
DA:152,0
LF:59
LH:0
BRDA:15,0,0,0
BRDA:15,0,1,0
BRDA:16,1,0,0
BRDA:16,1,1,0
BRDA:46,2,0,0
BRDA:46,2,1,0
BRDA:52,3,0,0
BRDA:52,3,1,0
BRDA:110,4,0,0
BRDA:110,4,1,0
BRDA:110,5,0,0
BRDA:110,5,1,0
BRDA:118,6,0,0
BRDA:118,6,1,0
BRDA:118,7,0,0
BRDA:118,7,1,0
BRDA:122,8,0,0
BRDA:122,8,1,0
BRDA:122,9,0,0
BRDA:122,9,1,0
BRDA:125,10,0,0
BRDA:125,10,1,0
BRDA:125,11,0,0
BRDA:125,11,1,0
BRF:24
BRH:0
end_of_record
TN:
SF:lib/route/integration_api.js
FN:15,(anonymous_0)
FN:20,(anonymous_1)
FN:30,(anonymous_2)
FN:35,(anonymous_3)
FN:60,(anonymous_4)
FN:66,(anonymous_5)
FN:68,(anonymous_6)
FN:79,(anonymous_7)
FN:93,(anonymous_8)
FN:110,(anonymous_9)
FN:111,(anonymous_10)
FN:119,(anonymous_11)
FN:121,(anonymous_12)
FN:122,(anonymous_13)
FNF:14
FNH:0
FNDA:0,(anonymous_0)
FNDA:0,(anonymous_1)
FNDA:0,(anonymous_2)
FNDA:0,(anonymous_3)
FNDA:0,(anonymous_4)
FNDA:0,(anonymous_5)
FNDA:0,(anonymous_6)
FNDA:0,(anonymous_7)
FNDA:0,(anonymous_8)
FNDA:0,(anonymous_9)
FNDA:0,(anonymous_10)
FNDA:0,(anonymous_11)
FNDA:0,(anonymous_12)
FNDA:0,(anonymous_13)
DA:5,0
DA:6,0
DA:7,0
DA:8,0
DA:9,0
DA:10,0
DA:11,0
DA:12,0
DA:13,0
DA:15,0
DA:17,0
DA:21,0
DA:22,0
DA:25,0
DA:28,0
DA:30,0
DA:33,0
DA:37,0
DA:41,0
DA:45,0
DA:51,0
DA:55,0
DA:61,0
DA:67,0
DA:68,0
DA:80,0
DA:85,0
DA:91,0
DA:95,0
DA:99,0
DA:103,0
DA:107,0
DA:109,0
DA:110,0
DA:112,0
DA:113,0
DA:117,0
DA:120,0
DA:121,0
DA:123,0
DA:124,0
DA:129,0
LF:42
LH:0
BRDA:21,0,0,0
BRDA:21,0,1,0
BRDA:37,1,0,0
BRDA:37,1,1,0
BRDA:41,2,0,0
BRDA:41,2,1,0
BRDA:51,3,0,0
BRDA:51,3,1,0
BRDA:95,4,0,0
BRDA:95,4,1,0
BRDA:99,5,0,0
BRDA:99,5,1,0
BRDA:103,6,0,0
BRDA:103,6,1,0
BRF:14
BRH:0
end_of_record
TN:
SF:lib/route/login.js
FN:25,(anonymous_0)
FN:31,(anonymous_1)
FN:36,(anonymous_2)
FN:44,(anonymous_3)
FN:45,(anonymous_4)
FN:53,(anonymous_5)
FN:63,(anonymous_6)
FN:75,(anonymous_7)
FN:94,(anonymous_8)
FN:137,(anonymous_9)
FN:157,(anonymous_10)
FN:163,(anonymous_11)
FN:167,(anonymous_12)
FN:170,(anonymous_13)
FN:181,(anonymous_14)
FN:197,(anonymous_15)
FN:204,(anonymous_16)
FN:225,(anonymous_17)
FN:237,(anonymous_18)
FN:244,(anonymous_19)
FN:248,(anonymous_20)
FN:261,(anonymous_21)
FN:266,(anonymous_22)
FN:279,(anonymous_23)
FN:292,(anonymous_24)
FN:300,(anonymous_25)
FN:304,(anonymous_26)
FN:311,(anonymous_27)
FNF:28
FNH:0
FNDA:0,(anonymous_0)
FNDA:0,(anonymous_1)
FNDA:0,(anonymous_2)
FNDA:0,(anonymous_3)
FNDA:0,(anonymous_4)
FNDA:0,(anonymous_5)
FNDA:0,(anonymous_6)
FNDA:0,(anonymous_7)
FNDA:0,(anonymous_8)
FNDA:0,(anonymous_9)
FNDA:0,(anonymous_10)
FNDA:0,(anonymous_11)
FNDA:0,(anonymous_12)
FNDA:0,(anonymous_13)
FNDA:0,(anonymous_14)
FNDA:0,(anonymous_15)
FNDA:0,(anonymous_16)
FNDA:0,(anonymous_17)
FNDA:0,(anonymous_18)
FNDA:0,(anonymous_19)
FNDA:0,(anonymous_20)
FNDA:0,(anonymous_21)
FNDA:0,(anonymous_22)
FNDA:0,(anonymous_23)
FNDA:0,(anonymous_24)
FNDA:0,(anonymous_25)
FNDA:0,(anonymous_26)
FNDA:0,(anonymous_27)
DA:16,0
DA:17,0
DA:18,0
DA:19,0
DA:20,0
DA:21,0
DA:23,0
DA:25,0
DA:26,0
DA:31,0
DA:33,0
DA:34,0
DA:36,0
DA:37,0
DA:44,0
DA:45,0
DA:46,0
DA:48,0
DA:49,0
DA:50,0
DA:53,0
DA:54,0
DA:56,0
DA:58,0
DA:63,0
DA:66,0
DA:67,0
DA:70,0
DA:72,0
DA:75,0
DA:78,0
DA:79,0
DA:83,0
DA:84,0
DA:87,0
DA:94,0
DA:98,0
DA:99,0
DA:105,0
DA:106,0
DA:107,0
DA:108,0
DA:109,0
DA:112,0
DA:113,0
DA:114,0
DA:117,0
DA:118,0
DA:119,0
DA:122,0
DA:124,0
DA:125,0
DA:126,0
DA:127,0
DA:128,0
DA:131,0
DA:132,0
DA:133,0
DA:136,0
DA:137,0
DA:138,0
DA:142,0
DA:143,0
DA:147,0
DA:158,0
DA:160,0
DA:164,0
DA:170,0
DA:171,0
DA:173,0
DA:177,0
DA:182,0
DA:187,0
DA:192,0
DA:197,0
DA:199,0
DA:204,0
DA:205,0
DA:207,0
DA:208,0
DA:210,0
DA:211,0
DA:215,0
DA:216,0
DA:219,0
DA:222,0
DA:224,0
DA:227,0
DA:228,0
DA:230,0
DA:231,0
DA:232,0
DA:235,0
DA:238,0
DA:240,0
DA:245,0
DA:246,0
DA:250,0
DA:251,0
DA:254,0
DA:255,0
DA:256,0
DA:261,0
DA:263,0
DA:265,0
DA:267,0
DA:268,0
DA:269,0
DA:272,0
DA:279,0
DA:281,0
DA:282,0
DA:283,0
DA:286,0
DA:287,0
DA:288,0
DA:291,0
DA:293,0
DA:294,0
DA:295,0
DA:298,0
DA:301,0
DA:302,0
DA:305,0
DA:307,0
DA:312,0
DA:313,0
DA:317,0
LF:128
LH:0
BRDA:26,0,0,0
BRDA:26,0,1,0
BRDA:46,1,0,0
BRDA:46,1,1,0
BRDA:48,2,0,0
BRDA:48,2,1,0
BRDA:54,3,0,0
BRDA:54,3,1,0
BRDA:66,4,0,0
BRDA:66,4,1,0
BRDA:78,5,0,0
BRDA:78,5,1,0
BRDA:83,6,0,0
BRDA:83,6,1,0
BRDA:98,7,0,0
BRDA:98,7,1,0
BRDA:106,8,0,0
BRDA:106,8,1,0
BRDA:108,9,0,0
BRDA:108,9,1,0
BRDA:113,10,0,0
BRDA:113,10,1,0
BRDA:118,11,0,0
BRDA:118,11,1,0
BRDA:125,12,0,0
BRDA:125,12,1,0
BRDA:127,13,0,0
BRDA:127,13,1,0
BRDA:132,14,0,0
BRDA:132,14,1,0
BRDA:137,15,0,0
BRDA:137,15,1,0
BRDA:142,16,0,0
BRDA:142,16,1,0
BRDA:171,17,0,0
BRDA:171,17,1,0
BRDA:189,18,0,0
BRDA:189,18,1,0
BRDA:207,19,0,0
BRDA:207,19,1,0
BRDA:210,20,0,0
BRDA:210,20,1,0
BRDA:215,21,0,0
BRDA:215,21,1,0
BRDA:227,22,0,0
BRDA:227,22,1,0
BRDA:250,23,0,0
BRDA:250,23,1,0
BRDA:267,24,0,0
BRDA:267,24,1,0
BRDA:286,25,0,0
BRDA:286,25,1,0
BRDA:293,26,0,0
BRDA:293,26,1,0
BRF:54
BRH:0
end_of_record
TN:
SF:lib/route/reports.js
FN:18,(anonymous_0)
FN:22,(anonymous_1)
FN:47,(anonymous_2)
FN:53,(anonymous_3)
FN:62,(anonymous_4)
FN:87,render_allowancebytime
FN:97,(anonymous_6)
FN:113,render_allowancebytime_as_csv
FN:137,(anonymous_8)
FN:144,(anonymous_9)
FN:152,(anonymous_10)
FN:158,(anonymous_11)
FNF:12
FNH:0
FNDA:0,(anonymous_0)
FNDA:0,(anonymous_1)
FNDA:0,(anonymous_2)
FNDA:0,(anonymous_3)
FNDA:0,(anonymous_4)
FNDA:0,render_allowancebytime
FNDA:0,(anonymous_6)
FNDA:0,render_allowancebytime_as_csv
FNDA:0,(anonymous_8)
FNDA:0,(anonymous_9)
FNDA:0,(anonymous_10)
FNDA:0,(anonymous_11)
DA:5,0
DA:6,0
DA:7,0
DA:8,0
DA:9,0
DA:10,0
DA:11,0
DA:12,0
DA:13,0
DA:16,0
DA:18,0
DA:19,0
DA:22,0
DA:24,0
DA:28,0
DA:32,0
DA:38,0
DA:42,0
DA:48,0
DA:53,0
DA:63,0
DA:69,0
DA:72,0
DA:74,0
DA:75,0
DA:78,0
DA:81,0
DA:83,0
DA:89,0
DA:90,0
DA:91,0
DA:92,0
DA:93,0
DA:94,0
DA:96,0
DA:97,0
DA:115,0
DA:116,0
DA:117,0
DA:118,0
DA:119,0
DA:122,0
DA:132,0
DA:137,0
DA:144,0
DA:145,0
DA:152,0
DA:157,0
DA:158,0
DA:161,0
LF:50
LH:0
BRDA:24,0,0,0
BRDA:24,0,1,0
BRDA:28,1,0,0
BRDA:28,1,1,0
BRDA:38,2,0,0
BRDA:38,2,1,0
BRDA:74,3,0,0
BRDA:74,3,1,0
BRDA:97,4,0,0
BRDA:97,4,1,0
BRDA:136,5,0,0
BRDA:136,5,1,0
BRF:12
BRH:0
end_of_record
TN:
SF:lib/route/requests.js
FN:12,(anonymous_0)
FN:17,(anonymous_1)
FN:19,(anonymous_2)
FN:29,leave_request_action
FN:35,(anonymous_4)
FN:49,(anonymous_5)
FN:52,(anonymous_6)
FN:53,(anonymous_7)
FN:69,(anonymous_8)
FN:78,(anonymous_9)
FN:87,(anonymous_10)
FN:91,(anonymous_11)
FN:97,(anonymous_12)
FN:124,(anonymous_13)
FN:128,(anonymous_14)
FN:131,(anonymous_15)
FN:132,(anonymous_16)
FN:142,(anonymous_17)
FN:144,(anonymous_18)
FN:146,(anonymous_19)
FN:155,(anonymous_20)
FN:162,(anonymous_21)
FN:166,(anonymous_22)
FN:169,(anonymous_23)
FN:173,(anonymous_24)
FN:180,(anonymous_25)
FN:200,(anonymous_26)
FN:203,(anonymous_27)
FN:214,(anonymous_28)
FN:215,(anonymous_29)
FN:223,(anonymous_30)
FN:238,(anonymous_31)
FN:247,(anonymous_32)
FN:254,(anonymous_33)
FN:260,(anonymous_34)
FN:274,(anonymous_35)
FNF:36
FNH:0
FNDA:0,(anonymous_0)
FNDA:0,(anonymous_1)
FNDA:0,(anonymous_2)
FNDA:0,leave_request_action
FNDA:0,(anonymous_4)
FNDA:0,(anonymous_5)
FNDA:0,(anonymous_6)
FNDA:0,(anonymous_7)
FNDA:0,(anonymous_8)
FNDA:0,(anonymous_9)
FNDA:0,(anonymous_10)
FNDA:0,(anonymous_11)
FNDA:0,(anonymous_12)
FNDA:0,(anonymous_13)
FNDA:0,(anonymous_14)
FNDA:0,(anonymous_15)
FNDA:0,(anonymous_16)
FNDA:0,(anonymous_17)
FNDA:0,(anonymous_18)
FNDA:0,(anonymous_19)
FNDA:0,(anonymous_20)
FNDA:0,(anonymous_21)
FNDA:0,(anonymous_22)
FNDA:0,(anonymous_23)
FNDA:0,(anonymous_24)
FNDA:0,(anonymous_25)
FNDA:0,(anonymous_26)
FNDA:0,(anonymous_27)
FNDA:0,(anonymous_28)
FNDA:0,(anonymous_29)
FNDA:0,(anonymous_30)
FNDA:0,(anonymous_31)
FNDA:0,(anonymous_32)
FNDA:0,(anonymous_33)
FNDA:0,(anonymous_34)
FNDA:0,(anonymous_35)
DA:4,0
DA:5,0
DA:6,0
DA:7,0
DA:8,0
DA:9,0
DA:10,0
DA:12,0
DA:14,0
DA:17,0
DA:21,0
DA:31,0
DA:32,0
DA:33,0
DA:35,0
DA:37,0
DA:39,0
DA:40,0
DA:43,0
DA:44,0
DA:46,0
DA:49,0
DA:50,0
DA:53,0
DA:54,0
DA:58,0
DA:59,0
DA:65,0
DA:67,0
DA:70,0
DA:80,0
DA:82,0
DA:88,0
DA:92,0
DA:95,0
DA:98,0
DA:101,0
DA:102,0
DA:108,0
DA:116,0
DA:124,0
DA:126,0
DA:128,0
DA:129,0
DA:132,0
DA:133,0
DA:136,0
DA:137,0
DA:140,0
DA:143,0
DA:144,0
DA:147,0
DA:157,0
DA:159,0
DA:163,0
DA:167,0
DA:170,0
DA:171,0
DA:174,0
DA:178,0
DA:181,0
DA:186,0
DA:187,0
DA:190,0
DA:191,0
DA:195,0
DA:198,0
DA:200,0
DA:206,0
DA:207,0
DA:212,0
DA:215,0
DA:216,0
DA:219,0
DA:226,0
DA:227,0
DA:234,0
DA:238,0
DA:249,0
DA:251,0
DA:255,0
DA:261,0
DA:270,0
DA:275,0
DA:278,0
DA:279,0
DA:284,0
LF:87
LH:0
BRDA:39,0,0,0
BRDA:39,0,1,0
BRDA:43,1,0,0
BRDA:43,1,1,0
BRDA:54,2,0,0
BRDA:54,2,1,0
BRDA:54,2,2,0
BRDA:58,3,0,0
BRDA:58,3,1,0
BRDA:136,4,0,0
BRDA:136,4,1,0
BRDA:186,5,0,0
BRDA:186,5,1,0
BRDA:190,6,0,0
BRDA:190,6,1,0
BRDA:206,7,0,0
BRDA:206,7,1,0
BRDA:215,8,0,0
BRDA:215,8,1,0
BRDA:226,9,0,0
BRDA:226,9,1,0
BRDA:264,10,0,0
BRDA:264,10,1,0
BRF:23
BRH:0
end_of_record
TN:
SF:lib/route/settings.js
FN:29,(anonymous_0)
FN:50,(anonymous_1)
FN:54,(anonymous_2)
FN:67,(anonymous_3)
FN:86,(anonymous_4)
FN:102,(anonymous_5)
FN:113,(anonymous_6)
FN:124,(anonymous_7)
FN:128,(anonymous_8)
FN:141,(anonymous_9)
FN:144,(anonymous_10)
FN:145,(anonymous_11)
FN:146,(anonymous_12)
FN:149,(anonymous_13)
FN:158,(anonymous_14)
FN:161,(anonymous_15)
FN:169,(anonymous_16)
FN:183,(anonymous_17)
FN:194,(anonymous_18)
FN:207,(anonymous_19)
FN:211,(anonymous_20)
FN:221,(anonymous_21)
FN:229,(anonymous_22)
FN:239,(anonymous_23)
FN:247,(anonymous_24)
FN:254,(anonymous_25)
FN:272,(anonymous_26)
FN:289,(anonymous_27)
FN:293,(anonymous_28)
FN:311,(anonymous_29)
FN:333,(anonymous_30)
FN:334,(anonymous_31)
FN:357,(anonymous_32)
FN:361,(anonymous_33)
FN:375,(anonymous_34)
FN:378,(anonymous_35)
FN:383,(anonymous_36)
FN:388,(anonymous_37)
FN:394,(anonymous_38)
FN:397,(anonymous_39)
FN:403,(anonymous_40)
FN:414,(anonymous_41)
FN:418,(anonymous_42)
FN:426,(anonymous_43)
FN:430,(anonymous_44)
FN:446,(anonymous_45)
FN:450,(anonymous_46)
FN:451,(anonymous_47)
FN:453,(anonymous_48)
FN:459,(anonymous_49)
FN:470,(anonymous_50)
FN:473,(anonymous_51)
FN:482,(anonymous_52)
FN:490,(anonymous_53)
FN:504,get_and_validate_leave_type
FN:527,(anonymous_55)
FN:554,get_and_validate_ldap_auth_configuration
FN:597,(anonymous_57)
FN:606,(anonymous_58)
FN:609,(anonymous_59)
FN:612,(anonymous_60)
FN:614,(anonymous_61)
FN:622,(anonymous_62)
FN:636,(anonymous_63)
FN:642,(anonymous_64)
FN:643,(anonymous_65)
FN:648,(anonymous_66)
FN:653,(anonymous_67)
FN:667,(anonymous_68)
FN:669,(anonymous_69)
FN:669,(anonymous_70)
FNF:71
FNH:0
FNDA:0,(anonymous_0)
FNDA:0,(anonymous_1)
FNDA:0,(anonymous_2)
FNDA:0,(anonymous_3)
FNDA:0,(anonymous_4)
FNDA:0,(anonymous_5)
FNDA:0,(anonymous_6)
FNDA:0,(anonymous_7)
FNDA:0,(anonymous_8)
FNDA:0,(anonymous_9)
FNDA:0,(anonymous_10)
FNDA:0,(anonymous_11)
FNDA:0,(anonymous_12)
FNDA:0,(anonymous_13)
FNDA:0,(anonymous_14)
FNDA:0,(anonymous_15)
FNDA:0,(anonymous_16)
FNDA:0,(anonymous_17)
FNDA:0,(anonymous_18)
FNDA:0,(anonymous_19)
FNDA:0,(anonymous_20)
FNDA:0,(anonymous_21)
FNDA:0,(anonymous_22)
FNDA:0,(anonymous_23)
FNDA:0,(anonymous_24)
FNDA:0,(anonymous_25)
FNDA:0,(anonymous_26)
FNDA:0,(anonymous_27)
FNDA:0,(anonymous_28)
FNDA:0,(anonymous_29)
FNDA:0,(anonymous_30)
FNDA:0,(anonymous_31)
FNDA:0,(anonymous_32)
FNDA:0,(anonymous_33)
FNDA:0,(anonymous_34)
FNDA:0,(anonymous_35)
FNDA:0,(anonymous_36)
FNDA:0,(anonymous_37)
FNDA:0,(anonymous_38)
FNDA:0,(anonymous_39)
FNDA:0,(anonymous_40)
FNDA:0,(anonymous_41)
FNDA:0,(anonymous_42)
FNDA:0,(anonymous_43)
FNDA:0,(anonymous_44)
FNDA:0,(anonymous_45)
FNDA:0,(anonymous_46)
FNDA:0,(anonymous_47)
FNDA:0,(anonymous_48)
FNDA:0,(anonymous_49)
FNDA:0,(anonymous_50)
FNDA:0,(anonymous_51)
FNDA:0,(anonymous_52)
FNDA:0,(anonymous_53)
FNDA:0,get_and_validate_leave_type
FNDA:0,(anonymous_55)
FNDA:0,get_and_validate_ldap_auth_configuration
FNDA:0,(anonymous_57)
FNDA:0,(anonymous_58)
FNDA:0,(anonymous_59)
FNDA:0,(anonymous_60)
FNDA:0,(anonymous_61)
FNDA:0,(anonymous_62)
FNDA:0,(anonymous_63)
FNDA:0,(anonymous_64)
FNDA:0,(anonymous_65)
FNDA:0,(anonymous_66)
FNDA:0,(anonymous_67)
FNDA:0,(anonymous_68)
FNDA:0,(anonymous_69)
FNDA:0,(anonymous_70)
DA:8,0
DA:9,0
DA:10,0
DA:11,0
DA:12,0
DA:13,0
DA:14,0
DA:15,0
DA:16,0
DA:17,0
DA:18,0
DA:19,0
DA:20,0
DA:23,0
DA:26,0
DA:29,0
DA:31,0
DA:35,0
DA:39,0
DA:42,0
DA:51,0
DA:52,0
DA:55,0
DA:67,0
DA:70,0
DA:71,0
DA:72,0
DA:73,0
DA:74,0
DA:75,0
DA:78,0
DA:82,0
DA:83,0
DA:86,0
DA:87,0
DA:90,0
DA:91,0
DA:95,0
DA:96,0
DA:99,0
DA:104,0
DA:105,0
DA:106,0
DA:107,0
DA:110,0
DA:114,0
DA:115,0
DA:116,0
DA:117,0
DA:118,0
DA:119,0
DA:120,0
DA:122,0
DA:125,0
DA:126,0
DA:129,0
DA:133,0
DA:137,0
DA:141,0
DA:142,0
DA:144,0
DA:145,0
DA:146,0
DA:150,0
DA:151,0
DA:154,0
DA:158,0
DA:161,0
DA:164,0
DA:166,0
DA:170,0
DA:172,0
DA:174,0
DA:178,0
DA:184,0
DA:186,0
DA:187,0
DA:192,0
DA:195,0
DA:197,0
DA:201,0
DA:208,0
DA:210,0
DA:211,0
DA:213,0
DA:214,0
DA:216,0
DA:222,0
DA:230,0
DA:231,0
DA:240,0
DA:247,0
DA:249,0
DA:251,0
DA:256,0
DA:258,0
DA:259,0
DA:264,0
DA:265,0
DA:268,0
DA:274,0
DA:281,0
DA:290,0
DA:291,0
DA:294,0
DA:299,0
DA:300,0
DA:303,0
DA:307,0
DA:311,0
DA:313,0
DA:315,0
DA:317,0
DA:318,0
DA:320,0
DA:322,0
DA:325,0
DA:334,0
DA:337,0
DA:339,0
DA:341,0
DA:348,0
DA:350,0
DA:352,0
DA:355,0
DA:358,0
DA:359,0
DA:362,0
DA:367,0
DA:371,0
DA:375,0
DA:376,0
DA:378,0
DA:383,0
DA:384,0
DA:386,0
DA:388,0
DA:389,0
DA:390,0
DA:393,0
DA:394,0
DA:397,0
DA:398,0
DA:400,0
DA:403,0
DA:404,0
DA:406,0
DA:410,0
DA:414,0
DA:416,0
DA:419,0
DA:426,0
DA:428,0
DA:432,0
DA:439,0
DA:440,0
DA:442,0
DA:445,0
DA:446,0
DA:447,0
DA:450,0
DA:451,0
DA:453,0
DA:454,0
DA:455,0
DA:459,0
DA:460,0
DA:461,0
DA:463,0
DA:469,0
DA:471,0
DA:474,0
DA:477,0
DA:478,0
DA:483,0
DA:484,0
DA:486,0
DA:487,0
DA:491,0
DA:495,0
DA:500,0
DA:506,0
DA:507,0
DA:508,0
DA:512,0
DA:513,0
DA:514,0
DA:515,0
DA:516,0
DA:522,0
DA:523,0
DA:527,0
DA:528,0
DA:529,0
DA:530,0
DA:534,0
DA:535,0
DA:538,0
DA:539,0
DA:541,0
DA:542,0
DA:545,0
DA:555,0
DA:559,0
DA:560,0
DA:561,0
DA:562,0
DA:563,0
DA:564,0
DA:567,0
DA:571,0
DA:572,0
DA:577,0
DA:578,0
DA:579,0
DA:580,0
DA:584,0
DA:597,0
DA:598,0
DA:604,0
DA:606,0
DA:609,0
DA:612,0
DA:616,0
DA:620,0
DA:623,0
DA:627,0
DA:632,0
DA:636,0
DA:640,0
DA:642,0
DA:643,0
DA:649,0
DA:651,0
DA:655,0
DA:659,0
DA:663,0
DA:667,0
DA:669,0
DA:673,0
LF:240
LH:0
BRDA:82,0,0,0
BRDA:82,0,1,0
BRDA:86,1,0,0
BRDA:86,1,1,0
BRDA:90,2,0,0
BRDA:90,2,1,0
BRDA:95,3,0,0
BRDA:95,3,1,0
BRDA:104,4,0,0
BRDA:104,4,1,0
BRDA:172,5,0,0
BRDA:172,5,1,0
BRDA:186,6,0,0
BRDA:186,6,1,0
BRDA:195,7,0,0
BRDA:195,7,1,0
BRDA:213,8,0,0
BRDA:213,8,1,0
BRDA:213,9,0,0
BRDA:213,9,1,0
BRDA:222,10,0,0
BRDA:222,10,1,0
BRDA:231,11,0,0
BRDA:231,11,1,0
BRDA:240,12,0,0
BRDA:240,12,1,0
BRDA:241,13,0,0
BRDA:241,13,1,0
BRDA:258,14,0,0
BRDA:258,14,1,0
BRDA:281,15,0,0
BRDA:281,15,1,0
BRDA:299,16,0,0
BRDA:299,16,1,0
BRDA:317,17,0,0
BRDA:317,17,1,0
BRDA:337,18,0,0
BRDA:337,18,1,0
BRDA:348,19,0,0
BRDA:348,19,1,0
BRDA:393,20,0,0
BRDA:393,20,1,0
BRDA:454,21,0,0
BRDA:454,21,1,0
BRDA:460,22,0,0
BRDA:460,22,1,0
BRDA:483,23,0,0
BRDA:483,23,1,0
BRDA:497,24,0,0
BRDA:497,24,1,0
BRDA:513,25,0,0
BRDA:513,25,1,0
BRDA:514,26,0,0
BRDA:514,26,1,0
BRDA:515,27,0,0
BRDA:515,27,1,0
BRDA:522,28,0,0
BRDA:522,28,1,0
BRDA:534,29,0,0
BRDA:534,29,1,0
BRDA:538,30,0,0
BRDA:538,30,1,0
BRDA:541,31,0,0
BRDA:541,31,1,0
BRDA:550,32,0,0
BRDA:550,32,1,0
BRDA:550,33,0,0
BRDA:550,33,1,0
BRDA:571,34,0,0
BRDA:571,34,1,0
BRDA:577,35,0,0
BRDA:577,35,1,0
BRDA:629,36,0,0
BRDA:629,36,1,0
BRF:74
BRH:0
end_of_record
TN:
SF:lib/route/users/index.js
FN:23,(anonymous_0)
FN:26,(anonymous_1)
FN:33,(anonymous_2)
FN:43,(anonymous_3)
FN:59,(anonymous_4)
FN:64,(anonymous_5)
FN:77,(anonymous_6)
FN:83,(anonymous_7)
FN:92,(anonymous_8)
FN:110,(anonymous_9)
FN:113,(anonymous_10)
FN:120,(anonymous_11)
FN:127,(anonymous_12)
FN:147,(anonymous_13)
FN:148,(anonymous_14)
FN:168,(anonymous_15)
FN:173,(anonymous_16)
FN:177,(anonymous_17)
FN:183,(anonymous_18)
[...]
FNDA:0,(anonymous_70)
FNDA:0,(anonymous_71)
DA:29,0
DA:30,0
DA:31,0
DA:32,0
DA:33,0
DA:34,0
DA:35,0
DA:36,0
DA:37,0
DA:38,0
DA:39,0
DA:40,0
DA:41,0
DA:42,0
DA:43,0
DA:44,0
DA:46,0
DA:48,0
DA:55,0
DA:56,0
DA:60,0
DA:61,0
DA:62,0
DA:66,0
DA:67,0
DA:72,0
DA:73,0
DA:77,0
DA:78,0
DA:83,0
DA:84,0
DA:88,0
DA:89,0
DA:94,0
DA:95,0
DA:99,0
DA:100,0
DA:105,0
DA:106,0
DA:110,0
DA:111,0
DA:116,0
DA:117,0
DA:121,0
DA:122,0
DA:126,0
DA:129,0
DA:130,0
DA:138,0
DA:141,0
DA:142,0
DA:153,0
DA:156,0
DA:157,0
DA:161,0
DA:164,0
DA:165,0
DA:167,0
DA:171,0
DA:173,0
DA:190,0
DA:194,0
DA:195,0
DA:199,0
DA:202,0
DA:203,0
DA:214,0
DA:217,0
DA:218,0
DA:223,0
DA:224,0
DA:226,0
DA:227,0
DA:230,0
DA:231,0
DA:233,0
DA:234,0
DA:237,0
DA:238,0
DA:240,0
DA:241,0
DA:244,0
DA:247,0
DA:248,0
DA:252,0
DA:255,0
DA:256,0
DA:261,0
DA:264,0
DA:265,0
DA:270,0
DA:271,0
DA:273,0
DA:274,0
DA:277,0
DA:278,0
DA:280,0
DA:281,0
DA:284,0
DA:285,0
DA:287,0
DA:288,0
DA:291,0
DA:294,0
DA:295,0
DA:299,0
DA:302,0
DA:303,0
DA:308,0
DA:311,0
DA:312,0
DA:317,0
DA:318,0
DA:320,0
DA:321,0
DA:324,0
DA:325,0
DA:327,0
DA:328,0
DA:331,0
DA:332,0
DA:334,0
DA:335,0
DA:338,0
DA:341,0
DA:342,0
LF:126
LH:0
BRF:0
BRH:0
end_of_record
TN:
SF:t/integration/team_view/teamview_cross_links.js
FN:28,(anonymous_0)
FN:34,(anonymous_1)
FN:40,(anonymous_2)
FN:47,(anonymous_3)
FN:52,(anonymous_4)
FN:58,(anonymous_5)
FN:64,(anonymous_6)
FN:67,(anonymous_7)
FN:72,(anonymous_8)
FN:75,(anonymous_9)
FN:81,(anonymous_10)
FN:84,(anonymous_11)
FN:90,(anonymous_12)
FN:93,(anonymous_13)
FN:94,(anonymous_14)
FNF:15
FNH:0
FNDA:0,(anonymous_0)
FNDA:0,(anonymous_1)
FNDA:0,(anonymous_2)
FNDA:0,(anonymous_3)
FNDA:0,(anonymous_4)
FNDA:0,(anonymous_5)
FNDA:0,(anonymous_6)
FNDA:0,(anonymous_7)
FNDA:0,(anonymous_8)
FNDA:0,(anonymous_9)
FNDA:0,(anonymous_10)
FNDA:0,(anonymous_11)
FNDA:0,(anonymous_12)
FNDA:0,(anonymous_13)
FNDA:0,(anonymous_14)
DA:4,0
DA:5,0
DA:6,0
DA:7,0
DA:8,0
DA:9,0
DA:10,0
DA:11,0
DA:12,0
DA:13,0
DA:14,0
DA:15,0
DA:28,0
DA:30,0
DA:34,0
DA:37,0
DA:41,0
DA:42,0
DA:43,0
DA:47,0
DA:48,0
DA:53,0
DA:54,0
DA:58,0
DA:59,0
DA:64,0
DA:67,0
DA:68,0
DA:72,0
DA:75,0
DA:76,0
DA:81,0
DA:84,0
DA:85,0
DA:90,0
DA:93,0
DA:94,0
LF:37
LH:0
BRF:0
BRH:0
end_of_record
TN:
SF:t/lib/add_new_user.js
FN:16,(anonymous_0)
FN:34,(anonymous_1)
FN:77,(anonymous_2)
FNF:3
FNH:0
FNDA:0,(anonymous_0)
FNDA:0,(anonymous_1)
FNDA:0,(anonymous_2)
DA:4,0
DA:5,0
DA:6,0
DA:7,0
DA:8,0
DA:9,0
DA:10,0
DA:11,0
DA:12,0
DA:16,0
DA:18,0
DA:19,0
DA:20,0
DA:23,0
DA:25,0
DA:27,0
DA:28,0
DA:31,0
DA:34,0
DA:36,0
DA:37,0
DA:39,0
DA:45,0
DA:77,0
DA:79,0
LF:25
LH:0
BRDA:25,0,0,0
BRDA:25,0,1,0
BRDA:28,1,0,0
BRDA:28,1,1,0
BRDA:37,2,0,0
BRDA:37,2,1,0
BRDA:69,3,0,0
BRDA:69,3,1,0
BRDA:71,4,0,0
BRDA:71,4,1,0
BRF:10
BRH:0
end_of_record
TN:
SF:t/lib/build_driver.js
FN:5,(anonymous_0)
FNF:1
FNH:1
FNDA:6,(anonymous_0)
DA:1,2
DA:2,2
DA:3,2
DA:5,2
DA:6,6
DA:7,6
DA:12,0
DA:13,0
DA:14,0
DA:15,0
DA:18,0
LF:11
LH:6
BRDA:3,0,0,0
BRDA:3,0,1,2
BRDA:6,1,0,6
BRDA:6,1,1,0
BRDA:13,2,0,0
BRDA:13,2,1,0
BRF:6
BRH:2
end_of_record
TN:
SF:t/lib/check_booking_on_calendar.js
FN:9,(anonymous_0)
FN:32,(anonymous_1)
FN:33,(anonymous_2)
FN:35,(anonymous_3)
FN:41,(anonymous_4)
FN:42,(anonymous_5)
FN:50,(anonymous_6)
FN:62,(anonymous_7)
FN:63,(anonymous_8)
FNF:9
FNH:1
FNDA:0,(anonymous_0)
FNDA:0,(anonymous_1)
FNDA:0,(anonymous_2)
FNDA:0,(anonymous_3)
FNDA:0,(anonymous_4)
FNDA:0,(anonymous_5)
FNDA:0,(anonymous_6)
FNDA:6,(anonymous_7)
FNDA:0,(anonymous_8)
DA:3,1
DA:4,1
DA:5,1
DA:6,1
DA:7,1
DA:9,1
DA:11,0
DA:12,0
DA:13,0
DA:14,0
DA:15,0
DA:16,0
DA:19,0
DA:20,0
DA:21,0
DA:22,0
DA:24,0
DA:27,0
DA:33,0
DA:34,0
DA:37,0
DA:40,0
DA:41,0
DA:43,0
DA:52,0
DA:62,1
DA:63,6
LF:27
LH:8
BRDA:14,0,0,0
BRDA:14,0,1,0
BRDA:15,1,0,0
BRDA:15,1,1,0
BRDA:19,2,0,0
BRDA:19,2,1,0
BRDA:21,3,0,0
BRDA:21,3,1,0
BRF:8
BRH:0
end_of_record
TN:
SF:t/lib/check_elements.js
FN:10,(anonymous_0)
FN:20,(anonymous_1)
FN:23,(anonymous_2)
FN:25,(anonymous_3)
FN:32,(anonymous_4)
FN:38,(anonymous_5)
FN:50,(anonymous_6)
FN:51,(anonymous_7)
FNF:8
FNH:1
FNDA:0,(anonymous_0)
FNDA:0,(anonymous_1)
FNDA:0,(anonymous_2)
FNDA:0,(anonymous_3)
FNDA:0,(anonymous_4)
FNDA:0,(anonymous_5)
FNDA:7,(anonymous_6)
FNDA:0,(anonymous_7)
DA:3,3
DA:4,3
DA:5,3
DA:6,3
DA:7,3
DA:10,3
DA:12,0
DA:13,0
DA:14,0
DA:17,0
DA:21,0
DA:24,0
DA:25,0
DA:26,0
DA:29,0
DA:33,0
DA:41,0
DA:50,3
DA:51,7
LF:19
LH:8
BRDA:14,0,0,0
BRDA:14,0,1,0
BRDA:24,1,0,0
BRDA:24,1,1,0
BRDA:26,2,0,0
BRDA:26,2,1,0
BRF:6
BRH:0
end_of_record
TN:
SF:t/lib/config.js
FN:11,(anonymous_0)
FN:19,(anonymous_1)
FNF:2
FNH:0
FNDA:0,(anonymous_0)
FNDA:0,(anonymous_1)
DA:10,0
DA:12,0
DA:20,0
LF:3
LH:0
BRDA:12,0,0,0
BRDA:12,0,1,0
BRF:2
BRH:0
end_of_record
TN:
SF:t/lib/login_with_user.js
FN:13,(anonymous_0)
FN:34,(anonymous_1)
FN:37,(anonymous_2)
FN:43,(anonymous_3)
FN:51,(anonymous_4)
FN:54,(anonymous_5)
FN:71,(anonymous_6)
FN:74,(anonymous_7)
FN:82,(anonymous_8)
FN:92,(anonymous_9)
FN:95,(anonymous_10)
FN:104,(anonymous_11)
FN:112,(anonymous_12)
FN:115,(anonymous_13)
FN:123,(anonymous_14)
FN:134,(anonymous_15)
FN:135,(anonymous_16)
FNF:17
FNH:1
FNDA:0,(anonymous_0)
FNDA:0,(anonymous_1)
FNDA:0,(anonymous_2)
FNDA:0,(anonymous_3)
FNDA:0,(anonymous_4)
FNDA:0,(anonymous_5)
FNDA:0,(anonymous_6)
FNDA:0,(anonymous_7)
FNDA:0,(anonymous_8)
FNDA:0,(anonymous_9)
FNDA:0,(anonymous_10)
FNDA:0,(anonymous_11)
FNDA:0,(anonymous_12)
FNDA:0,(anonymous_13)
FNDA:0,(anonymous_14)
FNDA:5,(anonymous_15)
FNDA:0,(anonymous_16)
DA:4,1
DA:5,1
DA:6,1
DA:7,1
DA:8,1
DA:9,1
DA:13,1
DA:15,0
DA:16,0
DA:17,0
DA:18,0
DA:19,0
DA:22,0
DA:25,0
DA:28,0
DA:30,0
DA:33,0
DA:35,0
DA:38,0
DA:42,0
DA:44,0
DA:47,0
DA:50,0
DA:52,0
DA:55,0
DA:59,0
DA:72,0
DA:75,0
DA:81,0
DA:83,0
DA:86,0
DA:88,0
DA:93,0
DA:96,0
DA:100,0
DA:103,0
DA:105,0
DA:108,0
DA:113,0
DA:116,0
DA:122,0
DA:125,0
DA:134,1
DA:135,5
LF:44
LH:9
BRDA:18,0,0,0
BRDA:18,0,1,0
BRDA:19,1,0,0
BRDA:19,1,1,0
BRDA:22,2,0,0
BRDA:22,2,1,0
BRDA:86,3,0,0
BRDA:86,3,1,0
BRF:8
BRH:0
end_of_record
TN:
SF:t/lib/logout_user.js
FN:10,(anonymous_0)
FN:23,(anonymous_1)
FN:25,(anonymous_2)
FN:28,(anonymous_3)
FN:35,(anonymous_4)
FN:38,(anonymous_5)
FN:45,(anonymous_6)
FN:61,(anonymous_7)
FN:62,(anonymous_8)
FNF:9
FNH:1
FNDA:0,(anonymous_0)
FNDA:0,(anonymous_1)
FNDA:0,(anonymous_2)
FNDA:0,(anonymous_3)
FNDA:0,(anonymous_4)
FNDA:0,(anonymous_5)
FNDA:0,(anonymous_6)
FNDA:5,(anonymous_7)
FNDA:0,(anonymous_8)
DA:3,1
DA:4,1
DA:5,1
DA:6,1
DA:7,1
DA:10,1
DA:12,0
DA:13,0
DA:14,0
DA:15,0
DA:18,0
DA:21,0
DA:23,0
DA:26,0
DA:29,0
DA:33,0
DA:36,0
DA:40,0
DA:42,0
DA:47,0
DA:50,0
DA:61,1
DA:62,5
LF:23
LH:8
BRF:0
BRH:0
end_of_record
TN:
SF:t/lib/mock_express_request.js
FN:7,(anonymous_0)
FN:18,(anonymous_1)
FN:19,(anonymous_2)
FN:26,(anonymous_3)
FNF:4
FNH:2
FNDA:8,(anonymous_0)
FNDA:0,(anonymous_1)
FNDA:0,(anonymous_2)
FNDA:8,(anonymous_3)
DA:7,1
DA:9,8
DA:11,8
DA:12,8
DA:14,8
DA:19,0
DA:26,8
DA:28,8
LF:8
LH:7
BRDA:9,0,0,0
BRDA:9,0,1,8
BRDA:11,1,0,8
BRDA:11,1,1,0
BRF:4
BRH:2
end_of_record
TN:
SF:t/lib/open_page.js
FN:6,(anonymous_0)
FN:15,(anonymous_1)
FNF:2
FNH:0
FNDA:0,(anonymous_0)
FNDA:0,(anonymous_1)
DA:3,1
DA:4,1
DA:6,1
DA:8,0
DA:9,0
DA:10,0
DA:13,0
DA:17,0
LF:8
LH:3
BRF:0
BRH:0
end_of_record
TN:
SF:t/lib/register_new_user.js
FN:19,(anonymous_0)
FN:42,(anonymous_1)
FN:45,(anonymous_2)
FN:52,(anonymous_3)
FN:60,(anonymous_4)
FN:63,(anonymous_5)
FN:67,(anonymous_6)
FN:102,(anonymous_7)
FN:105,(anonymous_8)
FN:116,(anonymous_9)
FN:119,(anonymous_10)
FN:127,(anonymous_11)
FN:135,(anonymous_12)
FN:154,(anonymous_13)
FN:166,(anonymous_14)
FN:168,(anonymous_15)
FNF:16
FNH:2
FNDA:6,(anonymous_0)
FNDA:0,(anonymous_1)
FNDA:0,(anonymous_2)
FNDA:0,(anonymous_3)
FNDA:0,(anonymous_4)
FNDA:0,(anonymous_5)
FNDA:0,(anonymous_6)
FNDA:0,(anonymous_7)
FNDA:0,(anonymous_8)
FNDA:0,(anonymous_9)
FNDA:0,(anonymous_10)
FNDA:0,(anonymous_11)
FNDA:0,(anonymous_12)
FNDA:0,(anonymous_13)
FNDA:6,(anonymous_14)
FNDA:0,(anonymous_15)
DA:7,1
DA:8,1
DA:9,1
DA:10,1
DA:11,1
DA:12,1
DA:13,1
DA:14,1
DA:15,1
DA:16,1
DA:19,1
DA:22,6
DA:23,6
DA:24,6
DA:25,6
DA:26,6
DA:29,6
DA:33,0
DA:36,0
DA:38,0
DA:41,0
DA:43,0
DA:46,0
DA:50,0
DA:53,0
DA:56,0
DA:59,0
DA:61,0
DA:64,0
DA:67,0
DA:94,0
DA:96,0
DA:98,0
DA:103,0
DA:106,0
DA:112,0
DA:117,0
DA:120,0
DA:124,0
DA:127,0
DA:128,0
DA:135,0
DA:137,0
DA:153,0
DA:155,0
DA:166,1
DA:167,6
DA:168,0
DA:170,6
LF:49
LH:20
BRDA:22,0,0,6
BRDA:22,0,1,6
BRDA:26,1,0,6
BRDA:26,1,1,6
BRDA:29,2,0,6
BRDA:29,2,1,6
BRDA:96,3,0,0
BRDA:96,3,1,0
BRDA:124,4,0,0
BRDA:124,4,1,0
BRDA:167,5,0,0
BRDA:167,5,1,6
BRF:12
BRH:7
end_of_record
TN:
SF:t/lib/set_user_to_start_at_the_beginning_of_the_year.js
FN:12,(anonymous_0)
FN:15,(anonymous_1)
FN:17,(anonymous_2)
FN:26,(anonymous_3)
FN:27,(anonymous_4)
FN:36,(anonymous_5)
FN:37,(anonymous_6)
FNF:7
FNH:0
FNDA:0,(anonymous_0)
FNDA:0,(anonymous_1)
FNDA:0,(anonymous_2)
FNDA:0,(anonymous_3)
FNDA:0,(anonymous_4)
FNDA:0,(anonymous_5)
FNDA:0,(anonymous_6)
DA:5,0
DA:6,0
DA:7,0
DA:8,0
DA:9,0
DA:10,0
DA:12,0
DA:15,0
DA:17,0
DA:25,0
DA:26,0
DA:27,0
DA:36,0
DA:37,0
LF:14
LH:0
BRDA:12,0,0,0
BRDA:12,0,1,0
BRDA:20,1,0,0
BRDA:21,2,0,0
BRDA:22,3,0,0
BRDA:23,4,0,0
BRDA:31,5,0,0
BRDA:31,5,1,0
BRF:8
BRH:0
end_of_record
TN:
SF:t/lib/submit_form.js
FN:13,(anonymous_0)
FN:41,(anonymous_1)
FN:46,(anonymous_2)
FN:55,(anonymous_3)
FN:59,(anonymous_4)
FN:64,(anonymous_5)
FN:67,(anonymous_6)
FN:68,(anonymous_7)
FN:75,(anonymous_8)
FN:95,(anonymous_9)
FN:104,(anonymous_10)
FN:110,(anonymous_11)
FN:121,(anonymous_12)
FN:124,(anonymous_13)
FN:126,(anonymous_14)
FN:128,(anonymous_15)
FN:145,(anonymous_16)
FN:149,(anonymous_17)
FN:164,(anonymous_18)
FN:165,(anonymous_19)
FNF:20
FNH:1
FNDA:0,(anonymous_0)
FNDA:0,(anonymous_1)
FNDA:0,(anonymous_2)
FNDA:0,(anonymous_3)
FNDA:0,(anonymous_4)
FNDA:0,(anonymous_5)
FNDA:0,(anonymous_6)
FNDA:0,(anonymous_7)
FNDA:0,(anonymous_8)
FNDA:0,(anonymous_9)
FNDA:0,(anonymous_10)
FNDA:0,(anonymous_11)
FNDA:0,(anonymous_12)
FNDA:0,(anonymous_13)
FNDA:0,(anonymous_14)
FNDA:0,(anonymous_15)
FNDA:0,(anonymous_16)
FNDA:0,(anonymous_17)
FNDA:7,(anonymous_18)
FNDA:0,(anonymous_19)
DA:3,2
DA:4,2
DA:5,2
DA:6,2
DA:7,2
DA:8,2
DA:9,2
DA:10,2
DA:13,2
DA:15,0
DA:16,0
DA:18,0
DA:21,0
DA:25,0
DA:28,0
DA:32,0
DA:35,0
DA:38,0
DA:41,0
DA:43,0
DA:49,0
DA:50,0
DA:53,0
DA:56,0
DA:57,0
DA:58,0
DA:59,0
DA:60,0
DA:61,0
DA:62,0
DA:63,0
DA:64,0
DA:65,0
DA:66,0
DA:67,0
DA:68,0
DA:71,0
DA:72,0
DA:75,0
DA:76,0
DA:79,0
DA:88,0
DA:89,0
DA:93,0
DA:96,0
DA:98,0
DA:102,0
DA:104,0
DA:105,0
DA:111,0
DA:119,0
DA:120,0
DA:123,0
DA:124,0
DA:127,0
DA:128,0
DA:132,0
DA:143,0
DA:146,0
DA:150,0
DA:153,0
DA:164,2
DA:165,7
LF:63
LH:11
BRDA:18,0,0,0
BRDA:18,0,1,0
BRDA:21,1,0,0
BRDA:21,1,1,0
BRDA:25,2,0,0
BRDA:25,2,1,0
BRDA:28,3,0,0
BRDA:28,3,1,0
BRDA:32,4,0,0
BRDA:32,4,1,0
BRDA:35,5,0,0
BRDA:35,5,1,0
BRDA:38,6,0,0
BRDA:38,6,1,0
BRDA:49,7,0,0
BRDA:49,7,1,0
BRDA:56,8,0,0
BRDA:56,8,1,0
BRDA:60,9,0,0
BRDA:60,9,1,0
BRDA:62,10,0,0
BRDA:62,10,1,0
BRDA:65,11,0,0
BRDA:65,11,1,0
BRDA:71,12,0,0
BRDA:71,12,1,0
BRDA:88,13,0,0
BRDA:88,13,1,0
BRDA:102,14,0,0
BRDA:102,14,1,0
BRDA:119,15,0,0
BRDA:119,15,1,0
BRF:32
BRH:0
end_of_record
TN:
SF:t/lib/teamview_check_user.js
FN:19,(anonymous_0)
FN:37,(anonymous_1)
FN:40,(anonymous_2)
FN:46,(anonymous_3)
FNF:4
FNH:0
FNDA:0,(anonymous_0)
FNDA:0,(anonymous_1)
FNDA:0,(anonymous_2)
FNDA:0,(anonymous_3)
DA:13,0
DA:14,0
DA:15,0
DA:16,0
DA:17,0
DA:19,0
DA:22,0
DA:23,0
DA:24,0
DA:25,0
DA:26,0
DA:28,0
DA:29,0
DA:32,0
DA:38,0
DA:41,0
DA:42,0
DA:48,0
LF:18
LH:0
BRDA:24,0,0,0
BRDA:24,0,1,0
BRDA:25,1,0,0
BRDA:25,1,1,0
BRDA:26,2,0,0
BRDA:26,2,1,0
BRDA:28,3,0,0
BRDA:28,3,1,0
BRDA:39,4,0,0
BRDA:39,4,1,0
BRF:10
BRH:0
end_of_record
TN:
SF:t/lib/user_info.js
FN:16,(anonymous_0)
FN:29,(anonymous_1)
FN:36,(anonymous_2)
FN:53,(anonymous_3)
FN:64,(anonymous_4)
FN:68,(anonymous_5)
FN:73,(anonymous_6)
FN:86,(anonymous_7)
FN:87,(anonymous_8)
FNF:9
FNH:1
FNDA:0,(anonymous_0)
FNDA:0,(anonymous_1)
FNDA:0,(anonymous_2)
FNDA:0,(anonymous_3)
FNDA:0,(anonymous_4)
FNDA:0,(anonymous_5)
FNDA:0,(anonymous_6)
FNDA:5,(anonymous_7)
FNDA:0,(anonymous_8)
DA:12,1
DA:16,1
DA:17,0
DA:19,0
DA:30,0
DA:36,1
DA:39,0
DA:40,0
DA:41,0
DA:43,0
DA:44,0
DA:47,0
DA:48,0
DA:51,0
DA:56,0
DA:62,0
DA:65,0
DA:68,0
DA:69,0
DA:75,0
DA:86,1
DA:87,5
LF:22
LH:5
BRDA:43,0,0,0
BRDA:43,0,1,0
BRDA:47,1,0,0
BRDA:47,1,1,0
BRDA:65,2,0,0
BRDA:65,2,1,0
BRF:6
BRH:0
end_of_record
TN:
SF:t/unit/calendar.js
FN:12,(anonymous_0)
FN:14,(anonymous_1)
FN:22,(anonymous_2)
FN:30,(anonymous_3)
FN:38,(anonymous_4)
FN:46,(anonymous_5)
FN:54,(anonymous_6)
FN:58,(anonymous_7)
FN:59,(anonymous_8)
FN:69,(anonymous_9)
FN:70,(anonymous_10)
FN:79,(anonymous_11)
FN:88,(anonymous_12)
FNF:13
FNH:0
FNDA:0,(anonymous_0)
FNDA:0,(anonymous_1)
FNDA:0,(anonymous_2)
FNDA:0,(anonymous_3)
FNDA:0,(anonymous_4)
FNDA:0,(anonymous_5)
FNDA:0,(anonymous_6)
FNDA:0,(anonymous_7)
FNDA:0,(anonymous_8)
FNDA:0,(anonymous_9)
FNDA:0,(anonymous_10)
FNDA:0,(anonymous_11)
FNDA:0,(anonymous_12)
DA:4,0
DA:5,0
DA:6,0
DA:7,0
DA:8,0
DA:9,0
DA:12,0
DA:14,0
DA:15,0
DA:17,0
DA:22,0
DA:23,0
DA:24,0
DA:26,0
DA:27,0
DA:30,0
DA:31,0
DA:32,0
DA:34,0
DA:35,0
DA:38,0
DA:39,0
DA:40,0
DA:42,0
DA:43,0
DA:46,0
DA:47,0
DA:48,0
DA:49,0
DA:50,0
DA:51,0
DA:54,0
DA:55,0
DA:56,0
DA:57,0
DA:58,0
DA:59,0
DA:61,0
DA:66,0
DA:67,0
DA:68,0
DA:69,0
DA:70,0
DA:72,0
DA:79,0
DA:81,0
DA:83,0
DA:85,0
DA:88,0
DA:89,0
DA:91,0
DA:92,0
LF:52
LH:0
BRF:0
BRH:0
end_of_record
TN:
SF:t/unit/email.js
FN:9,(anonymous_0)
FN:11,(anonymous_1)
FN:20,(anonymous_2)
FN:24,(anonymous_3)
FNF:4
FNH:0
FNDA:0,(anonymous_0)
FNDA:0,(anonymous_1)
FNDA:0,(anonymous_2)
FNDA:0,(anonymous_3)
DA:4,0
DA:5,0
DA:6,0
DA:7,0
DA:9,0
DA:11,0
DA:13,0
DA:15,0
DA:20,0
DA:26,0
DA:27,0
DA:29,0
LF:12
LH:0
BRF:0
BRH:0
end_of_record
TN:
SF:t/unit/model/user_allowance.js
FN:10,(anonymous_0)
FN:12,(anonymous_1)
FN:17,(anonymous_2)
FN:34,(anonymous_3)
FN:50,(anonymous_4)
FN:55,(anonymous_5)
FN:71,(anonymous_6)
FN:76,(anonymous_7)
FN:91,(anonymous_8)
FN:96,(anonymous_9)
FN:112,(anonymous_10)
FN:117,(anonymous_11)
FN:133,(anonymous_12)
FN:138,(anonymous_13)
FN:153,(anonymous_14)
FN:158,(anonymous_15)
FN:174,(anonymous_16)
FN:181,(anonymous_17)
FN:183,(anonymous_18)
FN:198,(anonymous_19)
FN:202,(anonymous_20)
FN:207,(anonymous_21)
FN:222,(anonymous_22)
FN:226,(anonymous_23)
FN:231,(anonymous_24)
FN:246,(anonymous_25)
FN:253,(anonymous_26)
FN:258,(anonymous_27)
FN:273,(anonymous_28)
FN:277,(anonymous_29)
FN:282,(anonymous_30)
FN:297,(anonymous_31)
FN:301,(anonymous_32)
FN:306,(anonymous_33)
FN:321,(anonymous_34)
FN:325,(anonymous_35)
FN:330,(anonymous_36)
FN:345,(anonymous_37)
FN:349,(anonymous_38)
FN:354,(anonymous_39)
FN:369,(anonymous_40)
FN:373,(anonymous_41)
FN:378,(anonymous_42)
FN:399,(anonymous_43)
FN:404,(anonymous_44)
FN:425,(anonymous_45)
FNF:46
FNH:0
FNDA:0,(anonymous_0)
FNDA:0,(anonymous_1)
FNDA:0,(anonymous_2)
FNDA:0,(anonymous_3)
FNDA:0,(anonymous_4)
FNDA:0,(anonymous_5)
FNDA:0,(anonymous_6)
FNDA:0,(anonymous_7)
FNDA:0,(anonymous_8)
FNDA:0,(anonymous_9)
FNDA:0,(anonymous_10)
FNDA:0,(anonymous_11)
FNDA:0,(anonymous_12)
FNDA:0,(anonymous_13)
FNDA:0,(anonymous_14)
FNDA:0,(anonymous_15)
FNDA:0,(anonymous_16)
FNDA:0,(anonymous_17)
FNDA:0,(anonymous_18)
FNDA:0,(anonymous_19)
FNDA:0,(anonymous_20)
FNDA:0,(anonymous_21)
FNDA:0,(anonymous_22)
FNDA:0,(anonymous_23)
FNDA:0,(anonymous_24)
FNDA:0,(anonymous_25)
FNDA:0,(anonymous_26)
FNDA:0,(anonymous_27)
FNDA:0,(anonymous_28)
FNDA:0,(anonymous_29)
FNDA:0,(anonymous_30)
FNDA:0,(anonymous_31)
FNDA:0,(anonymous_32)
FNDA:0,(anonymous_33)
FNDA:0,(anonymous_34)
FNDA:0,(anonymous_35)
FNDA:0,(anonymous_36)
FNDA:0,(anonymous_37)
FNDA:0,(anonymous_38)
FNDA:0,(anonymous_39)
FNDA:0,(anonymous_40)
FNDA:0,(anonymous_41)
FNDA:0,(anonymous_42)
FNDA:0,(anonymous_43)
FNDA:0,(anonymous_44)
FNDA:0,(anonymous_45)
DA:5,0
DA:6,0
DA:7,0
DA:8,0
DA:10,0
DA:12,0
DA:13,0
DA:17,0
DA:19,0
DA:30,0
DA:34,0
DA:35,0
DA:40,0
DA:50,0
DA:51,0
DA:55,0
DA:56,0
DA:61,0
DA:71,0
DA:72,0
DA:76,0
DA:77,0
DA:81,0
DA:91,0
DA:92,0
DA:96,0
DA:97,0
DA:102,0
DA:112,0
DA:113,0
DA:117,0
DA:118,0
DA:123,0
DA:133,0
DA:134,0
DA:138,0
DA:139,0
DA:143,0
DA:153,0
DA:154,0
DA:158,0
DA:159,0
DA:164,0
DA:174,0
DA:175,0
DA:181,0
DA:183,0
DA:184,0
DA:188,0
DA:198,0
DA:199,0
DA:202,0
DA:203,0
DA:207,0
DA:208,0
DA:212,0
DA:222,0
DA:223,0
DA:226,0
DA:227,0
DA:231,0
DA:232,0
DA:236,0
DA:246,0
DA:250,0
DA:253,0
DA:254,0
DA:258,0
DA:259,0
DA:263,0
DA:273,0
DA:274,0
DA:277,0
DA:278,0
DA:282,0
DA:283,0
DA:287,0
DA:297,0
DA:298,0
DA:301,0
DA:302,0
DA:306,0
DA:307,0
DA:311,0
DA:321,0
DA:322,0
DA:325,0
DA:326,0
DA:330,0
DA:331,0
DA:335,0
DA:345,0
DA:346,0
DA:349,0
DA:350,0
DA:354,0
DA:355,0
DA:359,0
DA:369,0
DA:370,0
DA:373,0
DA:374,0
DA:378,0
DA:379,0
DA:383,0
DA:387,0
DA:389,0
DA:399,0
DA:400,0
DA:404,0
DA:405,0
DA:409,0
DA:413,0
DA:415,0
DA:425,0
DA:426,0
LF:116
LH:0
BRF:0
BRH:0
end_of_record
TN:
SF:t/unit/model/db/leave.js
FN:9,(anonymous_0)
FN:18,(anonymous_1)
FN:35,(anonymous_2)
FN:44,(anonymous_3)
FN:60,(anonymous_4)
FN:77,(anonymous_5)
FN:87,(anonymous_6)
FN:91,(anonymous_7)
FN:107,(anonymous_8)
FN:123,(anonymous_9)
FN:139,(anonymous_10)
FN:155,(anonymous_11)
FN:172,(anonymous_12)
FN:183,(anonymous_13)
FN:199,(anonymous_14)
FN:215,(anonymous_15)
FN:231,(anonymous_16)
FN:247,(anonymous_17)
FNF:18
FNH:0
FNDA:0,(anonymous_0)
FNDA:0,(anonymous_1)
FNDA:0,(anonymous_2)
FNDA:0,(anonymous_3)
FNDA:0,(anonymous_4)
FNDA:0,(anonymous_5)
FNDA:0,(anonymous_6)
FNDA:0,(anonymous_7)
FNDA:0,(anonymous_8)
FNDA:0,(anonymous_9)
FNDA:0,(anonymous_10)
FNDA:0,(anonymous_11)
FNDA:0,(anonymous_12)
FNDA:0,(anonymous_13)
FNDA:0,(anonymous_14)
FNDA:0,(anonymous_15)
FNDA:0,(anonymous_16)
FNDA:0,(anonymous_17)
DA:4,0
DA:5,0
DA:6,0
DA:7,0
DA:9,0
DA:10,0
DA:18,0
DA:19,0
DA:35,0
DA:36,0
DA:44,0
DA:45,0
DA:60,0
DA:61,0
DA:77,0
DA:78,0
DA:87,0
DA:88,0
DA:91,0
DA:92,0
DA:107,0
DA:108,0
DA:123,0
DA:124,0
DA:139,0
DA:140,0
DA:155,0
DA:156,0
DA:172,0
DA:174,0
DA:183,0
DA:184,0
DA:199,0
DA:200,0
DA:215,0
DA:216,0
DA:231,0
DA:232,0
DA:247,0
DA:248,0
LF:40
LH:0
BRF:0
BRH:0
end_of_record
TN:
SF:t/unit/model/db/leave_day.js
FN:17,(anonymous_0)
FN:19,(anonymous_1)
FN:30,(anonymous_2)
FN:38,(anonymous_3)
FN:52,(anonymous_4)
FN:60,(anonymous_5)
FN:67,(anonymous_6)
FN:78,(anonymous_7)
FN:88,(anonymous_8)
FNF:9
FNH:0
FNDA:0,(anonymous_0)
FNDA:0,(anonymous_1)
FNDA:0,(anonymous_2)
FNDA:0,(anonymous_3)
FNDA:0,(anonymous_4)
FNDA:0,(anonymous_5)
FNDA:0,(anonymous_6)
FNDA:0,(anonymous_7)
FNDA:0,(anonymous_8)
DA:4,0
DA:5,0
DA:6,0
DA:8,0
DA:17,0
DA:19,0
DA:21,0
DA:22,0
DA:23,0
DA:25,0
DA:27,0
DA:30,0
DA:38,0
DA:40,0
DA:41,0
DA:42,0
DA:43,0
DA:45,0
DA:47,0
DA:49,0
DA:52,0
DA:60,0
DA:61,0
DA:62,0
DA:64,0
DA:67,0
DA:78,0
DA:79,0
DA:80,0
DA:81,0
DA:83,0
DA:85,0
DA:88,0
LF:33
LH:0
BRF:0
BRH:0
end_of_record
TN:
SF:t/unit/validator/leave_request.js
FN:10,(anonymous_0)
FN:12,(anonymous_1)
FN:15,(anonymous_2)
FN:23,(anonymous_3)
FN:28,(anonymous_4)
FN:34,(anonymous_5)
FN:53,(anonymous_6)
FN:67,(anonymous_7)
FN:71,(anonymous_8)
FN:77,(anonymous_9)
FN:86,(anonymous_10)
FN:92,(anonymous_11)
FN:98,(anonymous_12)
FN:105,(anonymous_13)
FN:112,(anonymous_14)
FN:120,(anonymous_15)
FN:125,(anonymous_16)
FN:131,(anonymous_17)
FN:140,(anonymous_18)
FNF:19
FNH:0
FNDA:0,(anonymous_0)
FNDA:0,(anonymous_1)
FNDA:0,(anonymous_2)
FNDA:0,(anonymous_3)
FNDA:0,(anonymous_4)
FNDA:0,(anonymous_5)
FNDA:0,(anonymous_6)
FNDA:0,(anonymous_7)
FNDA:0,(anonymous_8)
FNDA:0,(anonymous_9)
FNDA:0,(anonymous_10)
FNDA:0,(anonymous_11)
FNDA:0,(anonymous_12)
FNDA:0,(anonymous_13)
FNDA:0,(anonymous_14)
FNDA:0,(anonymous_15)
FNDA:0,(anonymous_16)
FNDA:0,(anonymous_17)
FNDA:0,(anonymous_18)
DA:4,0
DA:5,0
DA:6,0
DA:7,0
DA:10,0
DA:12,0
DA:13,0
DA:15,0
DA:16,0
DA:19,0
DA:23,0
DA:24,0
DA:28,0
DA:29,0
DA:32,0
DA:35,0
DA:39,0
DA:42,0
DA:53,0
DA:55,0
DA:59,0
DA:63,0
DA:67,0
DA:68,0
DA:69,0
DA:70,0
DA:71,0
DA:72,0
DA:75,0
DA:78,0
DA:82,0
DA:86,0
DA:87,0
DA:88,0
DA:89,0
DA:92,0
DA:93,0
DA:96,0
DA:99,0
DA:105,0
DA:106,0
DA:107,0
DA:108,0
DA:109,0
DA:112,0
DA:113,0
DA:116,0
DA:120,0
DA:121,0
DA:122,0
DA:123,0
DA:124,0
DA:125,0
DA:126,0
DA:129,0
DA:132,0
DA:136,0
DA:140,0
DA:142,0
DA:143,0
DA:144,0
DA:145,0
DA:146,0
DA:148,0
DA:152,0
LF:65
LH:0
BRF:0
BRH:0
end_of_record
